<?xml version="1.0" encoding="UTF-8"?>
<coverage generated="1503615516389" clover="3.2.0">
  <project timestamp="1503615516390" name="All files">
    <metrics statements="235" coveredstatements="181" conditionals="364" coveredconditionals="169" methods="123" coveredmethods="78" elements="722" coveredelements="428" complexity="0" loc="235" ncloc="235" packages="15" files="22" classes="22">
      <package name="components.Chart">
        <metrics statements="11" coveredstatements="6" conditionals="35" coveredconditionals="15" methods="14" coveredmethods="6"/>
        <file name="Chart.js" path="E:\study\SoftServe\Smart-Home\src\components\Chart\Chart.js">
          <metrics statements="11" coveredstatements="6" conditionals="35" coveredconditionals="15" methods="14" coveredmethods="6"/>
          <line num="1" count="4" type="cond" truecount="5" falsecount="3"/>
          <line num="3" count="3" type="cond" truecount="10" falsecount="13"/>
          <line num="5" count="1" type="stmt"/>
          <line num="6" count="0" type="cond" truecount="0" falsecount="2"/>
          <line num="24" count="1" type="stmt"/>
          <line num="26" count="0" type="cond" truecount="0" falsecount="2"/>
          <line num="27" count="0" type="stmt"/>
          <line num="29" count="0" type="stmt"/>
          <line num="32" count="0" type="stmt"/>
          <line num="42" count="1" type="stmt"/>
          <line num="45" count="1" type="stmt"/>
        </file>
      </package>
      <package name="components.Chart.Axis">
        <metrics statements="14" coveredstatements="5" conditionals="45" coveredconditionals="17" methods="15" coveredmethods="7"/>
        <file name="Axis.js" path="E:\study\SoftServe\Smart-Home\src\components\Chart\Axis\Axis.js">
          <metrics statements="14" coveredstatements="5" conditionals="45" coveredconditionals="17" methods="15" coveredmethods="7"/>
          <line num="1" count="4" type="cond" truecount="5" falsecount="3"/>
          <line num="4" count="3" type="cond" truecount="12" falsecount="19"/>
          <line num="6" count="1" type="cond" truecount="0" falsecount="2"/>
          <line num="8" count="0" type="stmt"/>
          <line num="11" count="0" type="stmt"/>
          <line num="14" count="0" type="stmt"/>
          <line num="15" count="0" type="stmt"/>
          <line num="18" count="0" type="cond" truecount="0" falsecount="2"/>
          <line num="19" count="0" type="stmt"/>
          <line num="22" count="0" type="stmt"/>
          <line num="25" count="0" type="stmt"/>
          <line num="27" count="0" type="stmt"/>
          <line num="35" count="1" type="stmt"/>
          <line num="38" count="1" type="stmt"/>
        </file>
      </package>
      <package name="components.Chart.Dots">
        <metrics statements="4" coveredstatements="4" conditionals="4" coveredconditionals="3" methods="2" coveredmethods="1"/>
        <file name="Dots.js" path="E:\study\SoftServe\Smart-Home\src\components\Chart\Dots\Dots.js">
          <metrics statements="4" coveredstatements="4" conditionals="4" coveredconditionals="3" methods="2" coveredmethods="1"/>
          <line num="1" count="1" type="stmt"/>
          <line num="2" count="2" type="cond" truecount="3" falsecount="1"/>
          <line num="4" count="1" type="stmt"/>
          <line num="12" count="1" type="stmt"/>
        </file>
      </package>
      <package name="components.Chart.Grid">
        <metrics statements="12" coveredstatements="5" conditionals="43" coveredconditionals="17" methods="15" coveredmethods="7"/>
        <file name="Grid.js" path="E:\study\SoftServe\Smart-Home\src\components\Chart\Grid\Grid.js">
          <metrics statements="12" coveredstatements="5" conditionals="43" coveredconditionals="17" methods="15" coveredmethods="7"/>
          <line num="1" count="4" type="cond" truecount="5" falsecount="3"/>
          <line num="4" count="3" type="cond" truecount="12" falsecount="19"/>
          <line num="6" count="1" type="cond" truecount="0" falsecount="2"/>
          <line num="8" count="0" type="stmt"/>
          <line num="11" count="0" type="stmt"/>
          <line num="14" count="0" type="stmt"/>
          <line num="15" count="0" type="stmt"/>
          <line num="20" count="0" type="stmt"/>
          <line num="23" count="0" type="stmt"/>
          <line num="25" count="0" type="stmt"/>
          <line num="33" count="1" type="stmt"/>
          <line num="36" count="1" type="stmt"/>
        </file>
      </package>
      <package name="components.Chart.LineChart">
        <metrics statements="19" coveredstatements="7" conditionals="41" coveredconditionals="18" methods="15" coveredmethods="7"/>
        <file name="LineChart.js" path="E:\study\SoftServe\Smart-Home\src\components\Chart\LineChart\LineChart.js">
          <metrics statements="19" coveredstatements="7" conditionals="41" coveredconditionals="18" methods="15" coveredmethods="7"/>
          <line num="1" count="1" type="cond" truecount="5" falsecount="3"/>
          <line num="7" count="4" type="cond" truecount="13" falsecount="18"/>
          <line num="9" count="1" type="stmt"/>
          <line num="10" count="0" type="cond" truecount="0" falsecount="2"/>
          <line num="12" count="1" type="stmt"/>
          <line num="15" count="0" type="stmt"/>
          <line num="16" count="0" type="stmt"/>
          <line num="17" count="0" type="stmt"/>
          <line num="18" count="0" type="stmt"/>
          <line num="20" count="0" type="stmt"/>
          <line num="21" count="0" type="stmt"/>
          <line num="23" count="0" type="stmt"/>
          <line num="26" count="0" type="stmt"/>
          <line num="29" count="0" type="stmt"/>
          <line num="33" count="0" type="stmt"/>
          <line num="35" count="0" type="stmt"/>
          <line num="81" count="1" type="stmt"/>
          <line num="84" count="1" type="stmt"/>
          <line num="93" count="1" type="stmt"/>
        </file>
        <file name="index.scss" path="E:\study\SoftServe\Smart-Home\src\components\Chart\LineChart\index.scss">
          <metrics statements="0" coveredstatements="0" conditionals="0" coveredconditionals="0" methods="0" coveredmethods="0"/>
        </file>
      </package>
      <package name="components.Device">
        <metrics statements="11" coveredstatements="11" conditionals="4" coveredconditionals="3" methods="2" coveredmethods="2"/>
        <file name="Device.js" path="E:\study\SoftServe\Smart-Home\src\components\Device\Device.js">
          <metrics statements="11" coveredstatements="11" conditionals="4" coveredconditionals="3" methods="2" coveredmethods="2"/>
          <line num="1" count="1" type="stmt"/>
          <line num="8" count="1" type="stmt"/>
          <line num="9" count="1" type="stmt"/>
          <line num="11" count="1" type="stmt"/>
          <line num="41" count="3" type="stmt"/>
          <line num="42" count="3" type="stmt"/>
          <line num="44" count="3" type="cond" truecount="2" falsecount="0"/>
          <line num="45" count="1" type="stmt"/>
          <line num="46" count="1" type="stmt"/>
          <line num="49" count="3" type="stmt"/>
          <line num="77" count="1" type="stmt"/>
        </file>
        <file name="Device.scss" path="E:\study\SoftServe\Smart-Home\src\components\Device\Device.scss">
          <metrics statements="0" coveredstatements="0" conditionals="0" coveredconditionals="0" methods="0" coveredmethods="0"/>
        </file>
      </package>
      <package name="components.DeviceListItem">
        <metrics statements="8" coveredstatements="8" conditionals="29" coveredconditionals="16" methods="9" coveredmethods="9"/>
        <file name="DeviceListItem.js" path="E:\study\SoftServe\Smart-Home\src\components\DeviceListItem\DeviceListItem.js">
          <metrics statements="8" coveredstatements="8" conditionals="29" coveredconditionals="16" methods="9" coveredmethods="9"/>
          <line num="1" count="1" type="cond" truecount="5" falsecount="3"/>
          <line num="5" count="1" type="cond" truecount="10" falsecount="9"/>
          <line num="7" count="1" type="stmt"/>
          <line num="8" count="1" type="cond" truecount="1" falsecount="1"/>
          <line num="14" count="1" type="stmt"/>
          <line num="17" count="1" type="stmt"/>
          <line num="45" count="1" type="stmt"/>
          <line num="48" count="1" type="stmt"/>
        </file>
        <file name="DeviceListItem.scss" path="E:\study\SoftServe\Smart-Home\src\components\DeviceListItem\DeviceListItem.scss">
          <metrics statements="0" coveredstatements="0" conditionals="0" coveredconditionals="0" methods="0" coveredmethods="0"/>
        </file>
      </package>
      <package name="components.RangeSettings">
        <metrics statements="9" coveredstatements="9" conditionals="41" coveredconditionals="23" methods="13" coveredmethods="10"/>
        <file name="Range.js" path="E:\study\SoftServe\Smart-Home\src\components\RangeSettings\Range.js">
          <metrics statements="9" coveredstatements="9" conditionals="41" coveredconditionals="23" methods="13" coveredmethods="10"/>
          <line num="1" count="3" type="cond" truecount="5" falsecount="3"/>
          <line num="3" count="1" type="cond" truecount="10" falsecount="9"/>
          <line num="6" count="1" type="stmt"/>
          <line num="7" count="1" type="cond" truecount="1" falsecount="1"/>
          <line num="111" count="1" type="cond" truecount="2" falsecount="4"/>
          <line num="114" count="2" type="stmt"/>
          <line num="116" count="2" type="stmt"/>
          <line num="165" count="1" type="stmt"/>
          <line num="168" count="1" type="stmt"/>
        </file>
        <file name="RangeStyle.scss" path="E:\study\SoftServe\Smart-Home\src\components\RangeSettings\RangeStyle.scss">
          <metrics statements="0" coveredstatements="0" conditionals="0" coveredconditionals="0" methods="0" coveredmethods="0"/>
        </file>
      </package>
      <package name="components.TimerSettings">
        <metrics statements="8" coveredstatements="6" conditionals="35" coveredconditionals="15" methods="11" coveredmethods="6"/>
        <file name="Timer.js" path="E:\study\SoftServe\Smart-Home\src\components\TimerSettings\Timer.js">
          <metrics statements="8" coveredstatements="6" conditionals="35" coveredconditionals="15" methods="11" coveredmethods="6"/>
          <line num="1" count="2" type="cond" truecount="5" falsecount="3"/>
          <line num="4" count="3" type="cond" truecount="10" falsecount="13"/>
          <line num="6" count="1" type="stmt"/>
          <line num="7" count="0" type="cond" truecount="0" falsecount="2"/>
          <line num="61" count="1" type="cond" truecount="0" falsecount="2"/>
          <line num="64" count="0" type="stmt"/>
          <line num="110" count="1" type="stmt"/>
          <line num="112" count="1" type="stmt"/>
        </file>
        <file name="TimerStyle.scss" path="E:\study\SoftServe\Smart-Home\src\components\TimerSettings\TimerStyle.scss">
          <metrics statements="0" coveredstatements="0" conditionals="0" coveredconditionals="0" methods="0" coveredmethods="0"/>
        </file>
      </package>
      <package name="components.ToggleSettings">
        <metrics statements="9" coveredstatements="9" conditionals="29" coveredconditionals="16" methods="9" coveredmethods="9"/>
        <file name="ToggleSettings.js" path="E:\study\SoftServe\Smart-Home\src\components\ToggleSettings\ToggleSettings.js">
          <metrics statements="9" coveredstatements="9" conditionals="29" coveredconditionals="16" methods="9" coveredmethods="9"/>
          <line num="1" count="1" type="cond" truecount="5" falsecount="3"/>
          <line num="3" count="3" type="cond" truecount="10" falsecount="9"/>
          <line num="5" count="1" type="stmt"/>
          <line num="7" count="3" type="cond" truecount="1" falsecount="1"/>
          <line num="15" count="1" type="stmt"/>
          <line num="18" count="3" type="stmt"/>
          <line num="30" count="1" type="stmt"/>
          <line num="33" count="1" type="stmt"/>
          <line num="42" count="1" type="stmt"/>
        </file>
        <file name="ToggleStyle.scss" path="E:\study\SoftServe\Smart-Home\src\components\ToggleSettings\ToggleStyle.scss">
          <metrics statements="0" coveredstatements="0" conditionals="0" coveredconditionals="0" methods="0" coveredmethods="0"/>
        </file>
      </package>
      <package name="components.ValueSettings">
        <metrics statements="8" coveredstatements="8" conditionals="31" coveredconditionals="17" methods="10" coveredmethods="10"/>
        <file name="Value.js" path="E:\study\SoftServe\Smart-Home\src\components\ValueSettings\Value.js">
          <metrics statements="8" coveredstatements="8" conditionals="31" coveredconditionals="17" methods="10" coveredmethods="10"/>
          <line num="1" count="2" type="cond" truecount="5" falsecount="3"/>
          <line num="3" count="1" type="cond" truecount="10" falsecount="9"/>
          <line num="5" count="1" type="stmt"/>
          <line num="6" count="1" type="cond" truecount="1" falsecount="1"/>
          <line num="33" count="1" type="cond" truecount="1" falsecount="1"/>
          <line num="36" count="2" type="stmt"/>
          <line num="48" count="1" type="stmt"/>
          <line num="51" count="1" type="stmt"/>
        </file>
        <file name="ValueStyle.scss" path="E:\study\SoftServe\Smart-Home\src\components\ValueSettings\ValueStyle.scss">
          <metrics statements="0" coveredstatements="0" conditionals="0" coveredconditionals="0" methods="0" coveredmethods="0"/>
        </file>
      </package>
      <package name="config">
        <metrics statements="1" coveredstatements="1" conditionals="0" coveredconditionals="0" methods="0" coveredmethods="0"/>
        <file name="config.js" path="E:\study\SoftServe\Smart-Home\src\config\config.js">
          <metrics statements="1" coveredstatements="1" conditionals="0" coveredconditionals="0" methods="0" coveredmethods="0"/>
          <line num="1" count="1" type="stmt"/>
        </file>
      </package>
      <package name="constants">
        <metrics statements="87" coveredstatements="87" conditionals="0" coveredconditionals="0" methods="0" coveredmethods="0"/>
        <file name="index.js" path="E:\study\SoftServe\Smart-Home\src\constants\index.js">
          <metrics statements="87" coveredstatements="87" conditionals="0" coveredconditionals="0" methods="0" coveredmethods="0"/>
          <line num="1" count="1" type="stmt"/>
          <line num="3" count="1" type="stmt"/>
          <line num="4" count="1" type="stmt"/>
          <line num="5" count="1" type="stmt"/>
          <line num="6" count="1" type="stmt"/>
          <line num="7" count="1" type="stmt"/>
          <line num="8" count="1" type="stmt"/>
          <line num="9" count="1" type="stmt"/>
          <line num="11" count="1" type="stmt"/>
          <line num="12" count="1" type="stmt"/>
          <line num="13" count="1" type="stmt"/>
          <line num="14" count="1" type="stmt"/>
          <line num="15" count="1" type="stmt"/>
          <line num="16" count="1" type="stmt"/>
          <line num="17" count="1" type="stmt"/>
          <line num="18" count="1" type="stmt"/>
          <line num="19" count="1" type="stmt"/>
          <line num="20" count="1" type="stmt"/>
          <line num="21" count="1" type="stmt"/>
          <line num="22" count="1" type="stmt"/>
          <line num="23" count="1" type="stmt"/>
          <line num="24" count="1" type="stmt"/>
          <line num="25" count="1" type="stmt"/>
          <line num="26" count="1" type="stmt"/>
          <line num="27" count="1" type="stmt"/>
          <line num="28" count="1" type="stmt"/>
          <line num="29" count="1" type="stmt"/>
          <line num="30" count="1" type="stmt"/>
          <line num="31" count="1" type="stmt"/>
          <line num="32" count="1" type="stmt"/>
          <line num="33" count="1" type="stmt"/>
          <line num="34" count="1" type="stmt"/>
          <line num="35" count="1" type="stmt"/>
          <line num="36" count="1" type="stmt"/>
          <line num="37" count="1" type="stmt"/>
          <line num="38" count="1" type="stmt"/>
          <line num="40" count="1" type="stmt"/>
          <line num="41" count="1" type="stmt"/>
          <line num="42" count="1" type="stmt"/>
          <line num="43" count="1" type="stmt"/>
          <line num="44" count="1" type="stmt"/>
          <line num="45" count="1" type="stmt"/>
          <line num="46" count="1" type="stmt"/>
          <line num="47" count="1" type="stmt"/>
          <line num="48" count="1" type="stmt"/>
          <line num="49" count="1" type="stmt"/>
          <line num="50" count="1" type="stmt"/>
          <line num="52" count="1" type="stmt"/>
          <line num="53" count="1" type="stmt"/>
          <line num="54" count="1" type="stmt"/>
          <line num="55" count="1" type="stmt"/>
          <line num="56" count="1" type="stmt"/>
          <line num="57" count="1" type="stmt"/>
          <line num="58" count="1" type="stmt"/>
          <line num="59" count="1" type="stmt"/>
          <line num="60" count="1" type="stmt"/>
          <line num="61" count="1" type="stmt"/>
          <line num="62" count="1" type="stmt"/>
          <line num="63" count="1" type="stmt"/>
          <line num="65" count="1" type="stmt"/>
          <line num="67" count="1" type="stmt"/>
          <line num="68" count="1" type="stmt"/>
          <line num="69" count="1" type="stmt"/>
          <line num="70" count="1" type="stmt"/>
          <line num="71" count="1" type="stmt"/>
          <line num="73" count="1" type="stmt"/>
          <line num="74" count="1" type="stmt"/>
          <line num="75" count="1" type="stmt"/>
          <line num="76" count="1" type="stmt"/>
          <line num="77" count="1" type="stmt"/>
          <line num="78" count="1" type="stmt"/>
          <line num="79" count="1" type="stmt"/>
          <line num="80" count="1" type="stmt"/>
          <line num="81" count="1" type="stmt"/>
          <line num="82" count="1" type="stmt"/>
          <line num="83" count="1" type="stmt"/>
          <line num="84" count="1" type="stmt"/>
          <line num="85" count="1" type="stmt"/>
          <line num="86" count="1" type="stmt"/>
          <line num="87" count="1" type="stmt"/>
          <line num="88" count="1" type="stmt"/>
          <line num="89" count="1" type="stmt"/>
          <line num="90" count="1" type="stmt"/>
          <line num="91" count="1" type="stmt"/>
          <line num="93" count="1" type="stmt"/>
          <line num="95" count="1" type="stmt"/>
          <line num="97" count="1" type="stmt"/>
        </file>
      </package>
      <package name="data">
        <metrics statements="3" coveredstatements="3" conditionals="4" coveredconditionals="3" methods="1" coveredmethods="1"/>
        <file name="componentsNames.js" path="E:\study\SoftServe\Smart-Home\src\data\componentsNames.js">
          <metrics statements="3" coveredstatements="3" conditionals="4" coveredconditionals="3" methods="1" coveredmethods="1"/>
          <line num="1" count="1" type="stmt"/>
          <line num="9" count="5" type="cond" truecount="3" falsecount="1"/>
          <line num="12" count="1" type="stmt"/>
        </file>
      </package>
      <package name="reducers">
        <metrics statements="31" coveredstatements="12" conditionals="23" coveredconditionals="6" methods="7" coveredmethods="3"/>
        <file name="devicesList.reducer.js" path="E:\study\SoftServe\Smart-Home\src\reducers\devicesList.reducer.js">
          <metrics statements="31" coveredstatements="12" conditionals="23" coveredconditionals="6" methods="7" coveredmethods="3"/>
          <line num="1" count="1" type="cond" truecount="1" falsecount="3"/>
          <line num="20" count="1" type="stmt"/>
          <line num="30" count="1" type="stmt"/>
          <line num="31" count="5" type="cond" truecount="5" falsecount="7"/>
          <line num="33" count="1" type="stmt"/>
          <line num="42" count="1" type="stmt"/>
          <line num="50" count="0" type="stmt"/>
          <line num="57" count="1" type="stmt"/>
          <line num="64" count="1" type="stmt"/>
          <line num="65" count="2" type="stmt"/>
          <line num="68" count="1" type="stmt"/>
          <line num="75" count="0" type="stmt"/>
          <line num="83" count="0" type="stmt"/>
          <line num="84" count="0" type="cond" truecount="0" falsecount="2"/>
          <line num="85" count="0" type="stmt"/>
          <line num="87" count="0" type="stmt"/>
          <line num="91" count="0" type="stmt"/>
          <line num="97" count="0" type="stmt"/>
          <line num="106" count="0" type="stmt"/>
          <line num="107" count="0" type="cond" truecount="0" falsecount="2"/>
          <line num="108" count="0" type="stmt"/>
          <line num="110" count="0" type="stmt"/>
          <line num="114" count="0" type="stmt"/>
          <line num="121" count="0" type="stmt"/>
          <line num="128" count="0" type="stmt"/>
          <line num="130" count="1" type="stmt"/>
          <line num="134" count="1" type="stmt"/>
          <line num="135" count="0" type="cond" truecount="0" falsecount="3"/>
          <line num="137" count="0" type="stmt"/>
          <line num="142" count="0" type="stmt"/>
          <line num="146" count="0" type="stmt"/>
        </file>
      </package>
    </metrics>
  </project>
</coverage>
