{"E:\\study\\SoftServe\\Smart-Home\\src\\components\\Chart\\Chart.js": {"path":"E:\\study\\SoftServe\\Smart-Home\\src\\components\\Chart\\Chart.js","statementMap":{"0":{"start":{"line":1,"column":39},"end":{"line":1,"column":101}},"1":{"start":{"line":1,"column":120},"end":{"line":1,"column":649}},"2":{"start":{"line":1,"column":175},"end":{"line":1,"column":440}},"3":{"start":{"line":1,"column":232},"end":{"line":1,"column":240}},"4":{"start":{"line":1,"column":241},"end":{"line":1,"column":296}},"5":{"start":{"line":1,"column":296},"end":{"line":1,"column":327}},"6":{"start":{"line":1,"column":327},"end":{"line":1,"column":381}},"7":{"start":{"line":1,"column":354},"end":{"line":1,"column":381}},"8":{"start":{"line":1,"column":381},"end":{"line":1,"column":439}},"9":{"start":{"line":1,"column":441},"end":{"line":1,"column":646}},"10":{"start":{"line":1,"column":497},"end":{"line":1,"column":565}},"11":{"start":{"line":1,"column":513},"end":{"line":1,"column":565}},"12":{"start":{"line":1,"column":565},"end":{"line":1,"column":625}},"13":{"start":{"line":1,"column":582},"end":{"line":1,"column":625}},"14":{"start":{"line":1,"column":625},"end":{"line":1,"column":644}},"15":{"start":{"line":3,"column":194},"end":{"line":3,"column":248}},"16":{"start":{"line":3,"column":298},"end":{"line":3,"column":397}},"17":{"start":{"line":3,"column":339},"end":{"line":3,"column":396}},"18":{"start":{"line":3,"column":447},"end":{"line":3,"column":546}},"19":{"start":{"line":3,"column":459},"end":{"line":3,"column":545}},"20":{"start":{"line":3,"column":546},"end":{"line":3,"column":632}},"21":{"start":{"line":3,"column":675},"end":{"line":3,"column":838}},"22":{"start":{"line":3,"column":737},"end":{"line":3,"column":837}},"23":{"start":{"line":3,"column":838},"end":{"line":3,"column":1002}},"24":{"start":{"line":3,"column":1002},"end":{"line":3,"column":1120}},"25":{"start":{"line":3,"column":1018},"end":{"line":3,"column":1120}},"26":{"start":{"line":5,"column":8},"end":{"line":42,"column":78}},"27":{"start":{"line":5,"column":37},"end":{"line":5,"column":72}},"28":{"start":{"line":6,"column":118},"end":{"line":7,"column":11}},"29":{"start":{"line":24,"column":107},"end":{"line":42,"column":10}},"30":{"start":{"line":24,"column":193},"end":{"line":24,"column":247}},"31":{"start":{"line":24,"column":247},"end":{"line":24,"column":268}},"32":{"start":{"line":24,"column":344},"end":{"line":24,"column":401}},"33":{"start":{"line":26,"column":6},"end":{"line":28,"column":7}},"34":{"start":{"line":27,"column":8},"end":{"line":27,"column":36}},"35":{"start":{"line":29,"column":6},"end":{"line":29,"column":34}},"36":{"start":{"line":32,"column":6},"end":{"line":39,"column":39}},"37":{"start":{"line":42,"column":10},"end":{"line":42,"column":23}},"38":{"start":{"line":45,"column":0},"end":{"line":48,"column":62}}},"fnMap":{"0":{"name":"(anonymous_0)","decl":{"start":{"line":1,"column":120},"end":{"line":1,"column":121}},"loc":{"start":{"line":1,"column":132},"end":{"line":1,"column":647}},"line":1},"1":{"name":"defineProperties","decl":{"start":{"line":1,"column":142},"end":{"line":1,"column":158}},"loc":{"start":{"line":1,"column":174},"end":{"line":1,"column":441}},"line":1},"2":{"name":"(anonymous_2)","decl":{"start":{"line":1,"column":448},"end":{"line":1,"column":449}},"loc":{"start":{"line":1,"column":496},"end":{"line":1,"column":645}},"line":1},"3":{"name":"_interopRequireDefault","decl":{"start":{"line":3,"column":165},"end":{"line":3,"column":187}},"loc":{"start":{"line":3,"column":193},"end":{"line":3,"column":249}},"line":3},"4":{"name":"_classCallCheck","decl":{"start":{"line":3,"column":258},"end":{"line":3,"column":273}},"loc":{"start":{"line":3,"column":297},"end":{"line":3,"column":398}},"line":3},"5":{"name":"_possibleConstructorReturn","decl":{"start":{"line":3,"column":407},"end":{"line":3,"column":433}},"loc":{"start":{"line":3,"column":446},"end":{"line":3,"column":633}},"line":3},"6":{"name":"_inherits","decl":{"start":{"line":3,"column":642},"end":{"line":3,"column":651}},"loc":{"start":{"line":3,"column":674},"end":{"line":3,"column":1121}},"line":3},"7":{"name":"(anonymous_7)","decl":{"start":{"line":5,"column":8},"end":{"line":5,"column":9}},"loc":{"start":{"line":5,"column":36},"end":{"line":42,"column":24}},"line":5},"8":{"name":"Chart","decl":{"start":{"line":6,"column":37},"end":{"line":6,"column":42}},"loc":{"start":{"line":6,"column":50},"end":{"line":24,"column":107}},"line":6},"9":{"name":"componentDidMount","decl":{"start":{"line":24,"column":172},"end":{"line":24,"column":189}},"loc":{"start":{"line":24,"column":192},"end":{"line":24,"column":269}},"line":24},"10":{"name":"componentWillUnmount","decl":{"start":{"line":24,"column":320},"end":{"line":24,"column":340}},"loc":{"start":{"line":24,"column":343},"end":{"line":24,"column":402}},"line":24},"11":{"name":"getElementWidth","decl":{"start":{"line":24,"column":448},"end":{"line":24,"column":463}},"loc":{"start":{"line":25,"column":4},"end":{"line":30,"column":5}},"line":25},"12":{"name":"render","decl":{"start":{"line":30,"column":42},"end":{"line":30,"column":48}},"loc":{"start":{"line":31,"column":4},"end":{"line":42,"column":5}},"line":31},"13":{"name":"ref","decl":{"start":{"line":34,"column":52},"end":{"line":34,"column":55}},"loc":{"start":{"line":34,"column":60},"end":{"line":36,"column":13}},"line":34}},"branchMap":{"0":{"loc":{"start":{"line":1,"column":265},"end":{"line":1,"column":295}},"type":"binary-expr","locations":[{"start":{"line":1,"column":265},"end":{"line":1,"column":286}},{"start":{"line":1,"column":290},"end":{"line":1,"column":295}}],"line":1},"1":{"loc":{"start":{"line":1,"column":327},"end":{"line":1,"column":381}},"type":"if","locations":[{"start":{"line":1,"column":327},"end":{"line":1,"column":381}},{"start":{"line":1,"column":327},"end":{"line":1,"column":381}}],"line":1},"2":{"loc":{"start":{"line":1,"column":497},"end":{"line":1,"column":565}},"type":"if","locations":[{"start":{"line":1,"column":497},"end":{"line":1,"column":565}},{"start":{"line":1,"column":497},"end":{"line":1,"column":565}}],"line":1},"3":{"loc":{"start":{"line":1,"column":565},"end":{"line":1,"column":625}},"type":"if","locations":[{"start":{"line":1,"column":565},"end":{"line":1,"column":625}},{"start":{"line":1,"column":565},"end":{"line":1,"column":625}}],"line":1},"4":{"loc":{"start":{"line":3,"column":201},"end":{"line":3,"column":247}},"type":"cond-expr","locations":[{"start":{"line":3,"column":225},"end":{"line":3,"column":228}},{"start":{"line":3,"column":231},"end":{"line":3,"column":247}}],"line":3},"5":{"loc":{"start":{"line":3,"column":201},"end":{"line":3,"column":222}},"type":"binary-expr","locations":[{"start":{"line":3,"column":201},"end":{"line":3,"column":204}},{"start":{"line":3,"column":208},"end":{"line":3,"column":222}}],"line":3},"6":{"loc":{"start":{"line":3,"column":298},"end":{"line":3,"column":397}},"type":"if","locations":[{"start":{"line":3,"column":298},"end":{"line":3,"column":397}},{"start":{"line":3,"column":298},"end":{"line":3,"column":397}}],"line":3},"7":{"loc":{"start":{"line":3,"column":447},"end":{"line":3,"column":546}},"type":"if","locations":[{"start":{"line":3,"column":447},"end":{"line":3,"column":546}},{"start":{"line":3,"column":447},"end":{"line":3,"column":546}}],"line":3},"8":{"loc":{"start":{"line":3,"column":553},"end":{"line":3,"column":631}},"type":"cond-expr","locations":[{"start":{"line":3,"column":620},"end":{"line":3,"column":624}},{"start":{"line":3,"column":627},"end":{"line":3,"column":631}}],"line":3},"9":{"loc":{"start":{"line":3,"column":553},"end":{"line":3,"column":617}},"type":"binary-expr","locations":[{"start":{"line":3,"column":553},"end":{"line":3,"column":557}},{"start":{"line":3,"column":562},"end":{"line":3,"column":586}},{"start":{"line":3,"column":590},"end":{"line":3,"column":616}}],"line":3},"10":{"loc":{"start":{"line":3,"column":675},"end":{"line":3,"column":838}},"type":"if","locations":[{"start":{"line":3,"column":675},"end":{"line":3,"column":838}},{"start":{"line":3,"column":675},"end":{"line":3,"column":838}}],"line":3},"11":{"loc":{"start":{"line":3,"column":679},"end":{"line":3,"column":734}},"type":"binary-expr","locations":[{"start":{"line":3,"column":679},"end":{"line":3,"column":711}},{"start":{"line":3,"column":715},"end":{"line":3,"column":734}}],"line":3},"12":{"loc":{"start":{"line":3,"column":873},"end":{"line":3,"column":907}},"type":"binary-expr","locations":[{"start":{"line":3,"column":873},"end":{"line":3,"column":883}},{"start":{"line":3,"column":887},"end":{"line":3,"column":907}}],"line":3},"13":{"loc":{"start":{"line":3,"column":1002},"end":{"line":3,"column":1120}},"type":"if","locations":[{"start":{"line":3,"column":1002},"end":{"line":3,"column":1120}},{"start":{"line":3,"column":1002},"end":{"line":3,"column":1120}}],"line":3},"14":{"loc":{"start":{"line":3,"column":1018},"end":{"line":3,"column":1119}},"type":"cond-expr","locations":[{"start":{"line":3,"column":1042},"end":{"line":3,"column":1085}},{"start":{"line":3,"column":1088},"end":{"line":3,"column":1119}}],"line":3},"15":{"loc":{"start":{"line":6,"column":152},"end":{"line":6,"column":199}},"type":"binary-expr","locations":[{"start":{"line":6,"column":152},"end":{"line":6,"column":167}},{"start":{"line":6,"column":171},"end":{"line":6,"column":199}}],"line":6},"16":{"loc":{"start":{"line":26,"column":6},"end":{"line":28,"column":7}},"type":"if","locations":[{"start":{"line":26,"column":6},"end":{"line":28,"column":7}},{"start":{"line":26,"column":6},"end":{"line":28,"column":7}}],"line":26}},"s":{"0":1,"1":1,"2":1,"3":4,"4":4,"5":4,"6":4,"7":4,"8":4,"9":1,"10":1,"11":1,"12":1,"13":0,"14":1,"15":3,"16":0,"17":0,"18":0,"19":0,"20":0,"21":1,"22":0,"23":1,"24":1,"25":1,"26":1,"27":1,"28":0,"29":1,"30":0,"31":0,"32":0,"33":0,"34":0,"35":0,"36":0,"37":1,"38":1},"f":{"0":1,"1":1,"2":1,"3":3,"4":0,"5":0,"6":1,"7":1,"8":0,"9":0,"10":0,"11":0,"12":0,"13":0},"b":{"0":[4,4],"1":[4,0],"2":[1,0],"3":[0,1],"4":[1,2],"5":[3,3],"6":[0,0],"7":[0,0],"8":[0,0],"9":[0,0,0],"10":[0,1],"11":[1,0],"12":[1,1],"13":[1,0],"14":[1,0],"15":[0,0],"16":[0,0]},"_coverageSchema":"332fd63041d2c1bcb487cc26dd0d5f7d97098a6c","hash":"891e55e5a6b0f57c0bdf5af65757cac882695cf2"}
,"E:\\study\\SoftServe\\Smart-Home\\src\\components\\Chart\\Axis\\Axis.js": {"path":"E:\\study\\SoftServe\\Smart-Home\\src\\components\\Chart\\Axis\\Axis.js","statementMap":{"0":{"start":{"line":1,"column":39},"end":{"line":1,"column":101}},"1":{"start":{"line":1,"column":120},"end":{"line":1,"column":649}},"2":{"start":{"line":1,"column":175},"end":{"line":1,"column":440}},"3":{"start":{"line":1,"column":232},"end":{"line":1,"column":240}},"4":{"start":{"line":1,"column":241},"end":{"line":1,"column":296}},"5":{"start":{"line":1,"column":296},"end":{"line":1,"column":327}},"6":{"start":{"line":1,"column":327},"end":{"line":1,"column":381}},"7":{"start":{"line":1,"column":354},"end":{"line":1,"column":381}},"8":{"start":{"line":1,"column":381},"end":{"line":1,"column":439}},"9":{"start":{"line":1,"column":441},"end":{"line":1,"column":646}},"10":{"start":{"line":1,"column":497},"end":{"line":1,"column":565}},"11":{"start":{"line":1,"column":513},"end":{"line":1,"column":565}},"12":{"start":{"line":1,"column":565},"end":{"line":1,"column":625}},"13":{"start":{"line":1,"column":582},"end":{"line":1,"column":625}},"14":{"start":{"line":1,"column":625},"end":{"line":1,"column":644}},"15":{"start":{"line":4,"column":184},"end":{"line":4,"column":400}},"16":{"start":{"line":4,"column":212},"end":{"line":4,"column":223}},"17":{"start":{"line":4,"column":244},"end":{"line":4,"column":246}},"18":{"start":{"line":4,"column":247},"end":{"line":4,"column":364}},"19":{"start":{"line":4,"column":265},"end":{"line":4,"column":363}},"20":{"start":{"line":4,"column":287},"end":{"line":4,"column":362}},"21":{"start":{"line":4,"column":339},"end":{"line":4,"column":362}},"22":{"start":{"line":4,"column":364},"end":{"line":4,"column":385}},"23":{"start":{"line":4,"column":385},"end":{"line":4,"column":399}},"24":{"start":{"line":4,"column":439},"end":{"line":4,"column":493}},"25":{"start":{"line":4,"column":543},"end":{"line":4,"column":642}},"26":{"start":{"line":4,"column":584},"end":{"line":4,"column":641}},"27":{"start":{"line":4,"column":692},"end":{"line":4,"column":791}},"28":{"start":{"line":4,"column":704},"end":{"line":4,"column":790}},"29":{"start":{"line":4,"column":791},"end":{"line":4,"column":877}},"30":{"start":{"line":4,"column":920},"end":{"line":4,"column":1083}},"31":{"start":{"line":4,"column":982},"end":{"line":4,"column":1082}},"32":{"start":{"line":4,"column":1083},"end":{"line":4,"column":1247}},"33":{"start":{"line":4,"column":1247},"end":{"line":4,"column":1365}},"34":{"start":{"line":4,"column":1263},"end":{"line":4,"column":1365}},"35":{"start":{"line":6,"column":7},"end":{"line":35,"column":41}},"36":{"start":{"line":6,"column":30},"end":{"line":6,"column":58}},"37":{"start":{"line":6,"column":75},"end":{"line":6,"column":103}},"38":{"start":{"line":6,"column":103},"end":{"line":6,"column":215}},"39":{"start":{"line":6,"column":216},"end":{"line":35,"column":10}},"40":{"start":{"line":8,"column":6},"end":{"line":8,"column":24}},"41":{"start":{"line":11,"column":6},"end":{"line":11,"column":24}},"42":{"start":{"line":14,"column":49},"end":{"line":14,"column":75}},"43":{"start":{"line":15,"column":17},"end":{"line":16,"column":29}},"44":{"start":{"line":18,"column":6},"end":{"line":20,"column":7}},"45":{"start":{"line":19,"column":8},"end":{"line":19,"column":65}},"46":{"start":{"line":22,"column":6},"end":{"line":22,"column":45}},"47":{"start":{"line":25,"column":48},"end":{"line":25,"column":83}},"48":{"start":{"line":27,"column":6},"end":{"line":32,"column":70}},"49":{"start":{"line":35,"column":10},"end":{"line":35,"column":22}},"50":{"start":{"line":38,"column":0},"end":{"line":44,"column":65}}},"fnMap":{"0":{"name":"(anonymous_0)","decl":{"start":{"line":1,"column":120},"end":{"line":1,"column":121}},"loc":{"start":{"line":1,"column":132},"end":{"line":1,"column":647}},"line":1},"1":{"name":"defineProperties","decl":{"start":{"line":1,"column":142},"end":{"line":1,"column":158}},"loc":{"start":{"line":1,"column":174},"end":{"line":1,"column":441}},"line":1},"2":{"name":"(anonymous_2)","decl":{"start":{"line":1,"column":448},"end":{"line":1,"column":449}},"loc":{"start":{"line":1,"column":496},"end":{"line":1,"column":645}},"line":1},"3":{"name":"_interopRequireWildcard","decl":{"start":{"line":4,"column":154},"end":{"line":4,"column":177}},"loc":{"start":{"line":4,"column":183},"end":{"line":4,"column":401}},"line":4},"4":{"name":"_interopRequireDefault","decl":{"start":{"line":4,"column":410},"end":{"line":4,"column":432}},"loc":{"start":{"line":4,"column":438},"end":{"line":4,"column":494}},"line":4},"5":{"name":"_classCallCheck","decl":{"start":{"line":4,"column":503},"end":{"line":4,"column":518}},"loc":{"start":{"line":4,"column":542},"end":{"line":4,"column":643}},"line":4},"6":{"name":"_possibleConstructorReturn","decl":{"start":{"line":4,"column":652},"end":{"line":4,"column":678}},"loc":{"start":{"line":4,"column":691},"end":{"line":4,"column":878}},"line":4},"7":{"name":"_inherits","decl":{"start":{"line":4,"column":887},"end":{"line":4,"column":896}},"loc":{"start":{"line":4,"column":919},"end":{"line":4,"column":1366}},"line":4},"8":{"name":"(anonymous_8)","decl":{"start":{"line":6,"column":7},"end":{"line":6,"column":8}},"loc":{"start":{"line":6,"column":29},"end":{"line":35,"column":23}},"line":6},"9":{"name":"Axis","decl":{"start":{"line":6,"column":67},"end":{"line":6,"column":71}},"loc":{"start":{"line":6,"column":74},"end":{"line":6,"column":216}},"line":6},"10":{"name":"componentDidUpdate","decl":{"start":{"line":6,"column":281},"end":{"line":6,"column":299}},"loc":{"start":{"line":7,"column":4},"end":{"line":9,"column":5}},"line":7},"11":{"name":"componentDidMount","decl":{"start":{"line":9,"column":53},"end":{"line":9,"column":70}},"loc":{"start":{"line":10,"column":4},"end":{"line":12,"column":5}},"line":10},"12":{"name":"renderAxis","decl":{"start":{"line":12,"column":46},"end":{"line":12,"column":56}},"loc":{"start":{"line":13,"column":4},"end":{"line":23,"column":5}},"line":13},"13":{"name":"render","decl":{"start":{"line":23,"column":42},"end":{"line":23,"column":48}},"loc":{"start":{"line":24,"column":4},"end":{"line":35,"column":5}},"line":24},"14":{"name":"ref","decl":{"start":{"line":29,"column":50},"end":{"line":29,"column":53}},"loc":{"start":{"line":29,"column":58},"end":{"line":31,"column":11}},"line":29}},"branchMap":{"0":{"loc":{"start":{"line":1,"column":265},"end":{"line":1,"column":295}},"type":"binary-expr","locations":[{"start":{"line":1,"column":265},"end":{"line":1,"column":286}},{"start":{"line":1,"column":290},"end":{"line":1,"column":295}}],"line":1},"1":{"loc":{"start":{"line":1,"column":327},"end":{"line":1,"column":381}},"type":"if","locations":[{"start":{"line":1,"column":327},"end":{"line":1,"column":381}},{"start":{"line":1,"column":327},"end":{"line":1,"column":381}}],"line":1},"2":{"loc":{"start":{"line":1,"column":497},"end":{"line":1,"column":565}},"type":"if","locations":[{"start":{"line":1,"column":497},"end":{"line":1,"column":565}},{"start":{"line":1,"column":497},"end":{"line":1,"column":565}}],"line":1},"3":{"loc":{"start":{"line":1,"column":565},"end":{"line":1,"column":625}},"type":"if","locations":[{"start":{"line":1,"column":565},"end":{"line":1,"column":625}},{"start":{"line":1,"column":565},"end":{"line":1,"column":625}}],"line":1},"4":{"loc":{"start":{"line":4,"column":184},"end":{"line":4,"column":400}},"type":"if","locations":[{"start":{"line":4,"column":184},"end":{"line":4,"column":400}},{"start":{"line":4,"column":184},"end":{"line":4,"column":400}}],"line":4},"5":{"loc":{"start":{"line":4,"column":188},"end":{"line":4,"column":209}},"type":"binary-expr","locations":[{"start":{"line":4,"column":188},"end":{"line":4,"column":191}},{"start":{"line":4,"column":195},"end":{"line":4,"column":209}}],"line":4},"6":{"loc":{"start":{"line":4,"column":247},"end":{"line":4,"column":364}},"type":"if","locations":[{"start":{"line":4,"column":247},"end":{"line":4,"column":364}},{"start":{"line":4,"column":247},"end":{"line":4,"column":364}}],"line":4},"7":{"loc":{"start":{"line":4,"column":287},"end":{"line":4,"column":362}},"type":"if","locations":[{"start":{"line":4,"column":287},"end":{"line":4,"column":362}},{"start":{"line":4,"column":287},"end":{"line":4,"column":362}}],"line":4},"8":{"loc":{"start":{"line":4,"column":446},"end":{"line":4,"column":492}},"type":"cond-expr","locations":[{"start":{"line":4,"column":470},"end":{"line":4,"column":473}},{"start":{"line":4,"column":476},"end":{"line":4,"column":492}}],"line":4},"9":{"loc":{"start":{"line":4,"column":446},"end":{"line":4,"column":467}},"type":"binary-expr","locations":[{"start":{"line":4,"column":446},"end":{"line":4,"column":449}},{"start":{"line":4,"column":453},"end":{"line":4,"column":467}}],"line":4},"10":{"loc":{"start":{"line":4,"column":543},"end":{"line":4,"column":642}},"type":"if","locations":[{"start":{"line":4,"column":543},"end":{"line":4,"column":642}},{"start":{"line":4,"column":543},"end":{"line":4,"column":642}}],"line":4},"11":{"loc":{"start":{"line":4,"column":692},"end":{"line":4,"column":791}},"type":"if","locations":[{"start":{"line":4,"column":692},"end":{"line":4,"column":791}},{"start":{"line":4,"column":692},"end":{"line":4,"column":791}}],"line":4},"12":{"loc":{"start":{"line":4,"column":798},"end":{"line":4,"column":876}},"type":"cond-expr","locations":[{"start":{"line":4,"column":865},"end":{"line":4,"column":869}},{"start":{"line":4,"column":872},"end":{"line":4,"column":876}}],"line":4},"13":{"loc":{"start":{"line":4,"column":798},"end":{"line":4,"column":862}},"type":"binary-expr","locations":[{"start":{"line":4,"column":798},"end":{"line":4,"column":802}},{"start":{"line":4,"column":807},"end":{"line":4,"column":831}},{"start":{"line":4,"column":835},"end":{"line":4,"column":861}}],"line":4},"14":{"loc":{"start":{"line":4,"column":920},"end":{"line":4,"column":1083}},"type":"if","locations":[{"start":{"line":4,"column":920},"end":{"line":4,"column":1083}},{"start":{"line":4,"column":920},"end":{"line":4,"column":1083}}],"line":4},"15":{"loc":{"start":{"line":4,"column":924},"end":{"line":4,"column":979}},"type":"binary-expr","locations":[{"start":{"line":4,"column":924},"end":{"line":4,"column":956}},{"start":{"line":4,"column":960},"end":{"line":4,"column":979}}],"line":4},"16":{"loc":{"start":{"line":4,"column":1118},"end":{"line":4,"column":1152}},"type":"binary-expr","locations":[{"start":{"line":4,"column":1118},"end":{"line":4,"column":1128}},{"start":{"line":4,"column":1132},"end":{"line":4,"column":1152}}],"line":4},"17":{"loc":{"start":{"line":4,"column":1247},"end":{"line":4,"column":1365}},"type":"if","locations":[{"start":{"line":4,"column":1247},"end":{"line":4,"column":1365}},{"start":{"line":4,"column":1247},"end":{"line":4,"column":1365}}],"line":4},"18":{"loc":{"start":{"line":4,"column":1263},"end":{"line":4,"column":1364}},"type":"cond-expr","locations":[{"start":{"line":4,"column":1287},"end":{"line":4,"column":1330}},{"start":{"line":4,"column":1333},"end":{"line":4,"column":1364}}],"line":4},"19":{"loc":{"start":{"line":6,"column":144},"end":{"line":6,"column":189}},"type":"binary-expr","locations":[{"start":{"line":6,"column":144},"end":{"line":6,"column":158}},{"start":{"line":6,"column":162},"end":{"line":6,"column":189}}],"line":6},"20":{"loc":{"start":{"line":18,"column":6},"end":{"line":20,"column":7}},"type":"if","locations":[{"start":{"line":18,"column":6},"end":{"line":20,"column":7}},{"start":{"line":18,"column":6},"end":{"line":20,"column":7}}],"line":18},"21":{"loc":{"start":{"line":32,"column":21},"end":{"line":32,"column":65}},"type":"cond-expr","locations":[{"start":{"line":32,"column":51},"end":{"line":32,"column":60}},{"start":{"line":32,"column":63},"end":{"line":32,"column":65}}],"line":32}},"s":{"0":1,"1":1,"2":1,"3":4,"4":4,"5":4,"6":4,"7":4,"8":4,"9":1,"10":1,"11":1,"12":1,"13":0,"14":1,"15":1,"16":1,"17":0,"18":0,"19":0,"20":0,"21":0,"22":0,"23":0,"24":3,"25":0,"26":0,"27":0,"28":0,"29":0,"30":1,"31":0,"32":1,"33":1,"34":1,"35":1,"36":1,"37":0,"38":0,"39":1,"40":0,"41":0,"42":0,"43":0,"44":0,"45":0,"46":0,"47":0,"48":0,"49":1,"50":1},"f":{"0":1,"1":1,"2":1,"3":1,"4":3,"5":0,"6":0,"7":1,"8":1,"9":0,"10":0,"11":0,"12":0,"13":0,"14":0},"b":{"0":[4,4],"1":[4,0],"2":[1,0],"3":[0,1],"4":[1,0],"5":[1,1],"6":[0,0],"7":[0,0],"8":[0,3],"9":[3,3],"10":[0,0],"11":[0,0],"12":[0,0],"13":[0,0,0],"14":[0,1],"15":[1,0],"16":[1,1],"17":[1,0],"18":[1,0],"19":[0,0],"20":[0,0],"21":[0,0]},"_coverageSchema":"332fd63041d2c1bcb487cc26dd0d5f7d97098a6c","hash":"385015a86bd8f6b1545bf3c2ea4822e65e3d1c18"}
,"E:\\study\\SoftServe\\Smart-Home\\src\\components\\Chart\\Dots\\Dots.js": {"path":"E:\\study\\SoftServe\\Smart-Home\\src\\components\\Chart\\Dots\\Dots.js","statementMap":{"0":{"start":{"line":1,"column":39},"end":{"line":1,"column":101}},"1":{"start":{"line":1,"column":101},"end":{"line":1,"column":126}},"2":{"start":{"line":2,"column":183},"end":{"line":2,"column":237}},"3":{"start":{"line":4,"column":37},"end":{"line":8,"column":58}},"4":{"start":{"line":12,"column":0},"end":{"line":16,"column":58}}},"fnMap":{"0":{"name":"_interopRequireDefault","decl":{"start":{"line":2,"column":154},"end":{"line":2,"column":176}},"loc":{"start":{"line":2,"column":182},"end":{"line":2,"column":238}},"line":2},"1":{"name":"Dots","decl":{"start":{"line":4,"column":61},"end":{"line":4,"column":65}},"loc":{"start":{"line":4,"column":99},"end":{"line":8,"column":58}},"line":4}},"branchMap":{"0":{"loc":{"start":{"line":2,"column":190},"end":{"line":2,"column":236}},"type":"cond-expr","locations":[{"start":{"line":2,"column":214},"end":{"line":2,"column":217}},{"start":{"line":2,"column":220},"end":{"line":2,"column":236}}],"line":2},"1":{"loc":{"start":{"line":2,"column":190},"end":{"line":2,"column":211}},"type":"binary-expr","locations":[{"start":{"line":2,"column":190},"end":{"line":2,"column":193}},{"start":{"line":2,"column":197},"end":{"line":2,"column":211}}],"line":2}},"s":{"0":1,"1":1,"2":2,"3":1,"4":1},"f":{"0":2,"1":0},"b":{"0":[0,2],"1":[2,2]},"_coverageSchema":"332fd63041d2c1bcb487cc26dd0d5f7d97098a6c","hash":"bbf8cedaf64da113791890f129f702c066978bbc"}
,"E:\\study\\SoftServe\\Smart-Home\\src\\components\\Chart\\Grid\\Grid.js": {"path":"E:\\study\\SoftServe\\Smart-Home\\src\\components\\Chart\\Grid\\Grid.js","statementMap":{"0":{"start":{"line":1,"column":39},"end":{"line":1,"column":101}},"1":{"start":{"line":1,"column":120},"end":{"line":1,"column":649}},"2":{"start":{"line":1,"column":175},"end":{"line":1,"column":440}},"3":{"start":{"line":1,"column":232},"end":{"line":1,"column":240}},"4":{"start":{"line":1,"column":241},"end":{"line":1,"column":296}},"5":{"start":{"line":1,"column":296},"end":{"line":1,"column":327}},"6":{"start":{"line":1,"column":327},"end":{"line":1,"column":381}},"7":{"start":{"line":1,"column":354},"end":{"line":1,"column":381}},"8":{"start":{"line":1,"column":381},"end":{"line":1,"column":439}},"9":{"start":{"line":1,"column":441},"end":{"line":1,"column":646}},"10":{"start":{"line":1,"column":497},"end":{"line":1,"column":565}},"11":{"start":{"line":1,"column":513},"end":{"line":1,"column":565}},"12":{"start":{"line":1,"column":565},"end":{"line":1,"column":625}},"13":{"start":{"line":1,"column":582},"end":{"line":1,"column":625}},"14":{"start":{"line":1,"column":625},"end":{"line":1,"column":644}},"15":{"start":{"line":4,"column":184},"end":{"line":4,"column":400}},"16":{"start":{"line":4,"column":212},"end":{"line":4,"column":223}},"17":{"start":{"line":4,"column":244},"end":{"line":4,"column":246}},"18":{"start":{"line":4,"column":247},"end":{"line":4,"column":364}},"19":{"start":{"line":4,"column":265},"end":{"line":4,"column":363}},"20":{"start":{"line":4,"column":287},"end":{"line":4,"column":362}},"21":{"start":{"line":4,"column":339},"end":{"line":4,"column":362}},"22":{"start":{"line":4,"column":364},"end":{"line":4,"column":385}},"23":{"start":{"line":4,"column":385},"end":{"line":4,"column":399}},"24":{"start":{"line":4,"column":439},"end":{"line":4,"column":493}},"25":{"start":{"line":4,"column":543},"end":{"line":4,"column":642}},"26":{"start":{"line":4,"column":584},"end":{"line":4,"column":641}},"27":{"start":{"line":4,"column":692},"end":{"line":4,"column":791}},"28":{"start":{"line":4,"column":704},"end":{"line":4,"column":790}},"29":{"start":{"line":4,"column":791},"end":{"line":4,"column":877}},"30":{"start":{"line":4,"column":920},"end":{"line":4,"column":1083}},"31":{"start":{"line":4,"column":982},"end":{"line":4,"column":1082}},"32":{"start":{"line":4,"column":1083},"end":{"line":4,"column":1247}},"33":{"start":{"line":4,"column":1247},"end":{"line":4,"column":1365}},"34":{"start":{"line":4,"column":1263},"end":{"line":4,"column":1365}},"35":{"start":{"line":6,"column":7},"end":{"line":33,"column":41}},"36":{"start":{"line":6,"column":30},"end":{"line":6,"column":58}},"37":{"start":{"line":6,"column":75},"end":{"line":6,"column":103}},"38":{"start":{"line":6,"column":103},"end":{"line":6,"column":215}},"39":{"start":{"line":6,"column":216},"end":{"line":33,"column":10}},"40":{"start":{"line":8,"column":6},"end":{"line":8,"column":24}},"41":{"start":{"line":11,"column":6},"end":{"line":11,"column":24}},"42":{"start":{"line":14,"column":49},"end":{"line":14,"column":75}},"43":{"start":{"line":15,"column":17},"end":{"line":18,"column":20}},"44":{"start":{"line":20,"column":6},"end":{"line":20,"column":45}},"45":{"start":{"line":23,"column":48},"end":{"line":23,"column":83}},"46":{"start":{"line":25,"column":6},"end":{"line":30,"column":70}},"47":{"start":{"line":33,"column":10},"end":{"line":33,"column":22}},"48":{"start":{"line":36,"column":0},"end":{"line":42,"column":62}}},"fnMap":{"0":{"name":"(anonymous_0)","decl":{"start":{"line":1,"column":120},"end":{"line":1,"column":121}},"loc":{"start":{"line":1,"column":132},"end":{"line":1,"column":647}},"line":1},"1":{"name":"defineProperties","decl":{"start":{"line":1,"column":142},"end":{"line":1,"column":158}},"loc":{"start":{"line":1,"column":174},"end":{"line":1,"column":441}},"line":1},"2":{"name":"(anonymous_2)","decl":{"start":{"line":1,"column":448},"end":{"line":1,"column":449}},"loc":{"start":{"line":1,"column":496},"end":{"line":1,"column":645}},"line":1},"3":{"name":"_interopRequireWildcard","decl":{"start":{"line":4,"column":154},"end":{"line":4,"column":177}},"loc":{"start":{"line":4,"column":183},"end":{"line":4,"column":401}},"line":4},"4":{"name":"_interopRequireDefault","decl":{"start":{"line":4,"column":410},"end":{"line":4,"column":432}},"loc":{"start":{"line":4,"column":438},"end":{"line":4,"column":494}},"line":4},"5":{"name":"_classCallCheck","decl":{"start":{"line":4,"column":503},"end":{"line":4,"column":518}},"loc":{"start":{"line":4,"column":542},"end":{"line":4,"column":643}},"line":4},"6":{"name":"_possibleConstructorReturn","decl":{"start":{"line":4,"column":652},"end":{"line":4,"column":678}},"loc":{"start":{"line":4,"column":691},"end":{"line":4,"column":878}},"line":4},"7":{"name":"_inherits","decl":{"start":{"line":4,"column":887},"end":{"line":4,"column":896}},"loc":{"start":{"line":4,"column":919},"end":{"line":4,"column":1366}},"line":4},"8":{"name":"(anonymous_8)","decl":{"start":{"line":6,"column":7},"end":{"line":6,"column":8}},"loc":{"start":{"line":6,"column":29},"end":{"line":33,"column":23}},"line":6},"9":{"name":"Grid","decl":{"start":{"line":6,"column":67},"end":{"line":6,"column":71}},"loc":{"start":{"line":6,"column":74},"end":{"line":6,"column":216}},"line":6},"10":{"name":"componentDidUpdate","decl":{"start":{"line":6,"column":281},"end":{"line":6,"column":299}},"loc":{"start":{"line":7,"column":4},"end":{"line":9,"column":5}},"line":7},"11":{"name":"componentDidMount","decl":{"start":{"line":9,"column":53},"end":{"line":9,"column":70}},"loc":{"start":{"line":10,"column":4},"end":{"line":12,"column":5}},"line":10},"12":{"name":"renderGrid","decl":{"start":{"line":12,"column":46},"end":{"line":12,"column":56}},"loc":{"start":{"line":13,"column":4},"end":{"line":21,"column":5}},"line":13},"13":{"name":"render","decl":{"start":{"line":21,"column":42},"end":{"line":21,"column":48}},"loc":{"start":{"line":22,"column":4},"end":{"line":33,"column":5}},"line":22},"14":{"name":"ref","decl":{"start":{"line":27,"column":50},"end":{"line":27,"column":53}},"loc":{"start":{"line":27,"column":58},"end":{"line":29,"column":11}},"line":27}},"branchMap":{"0":{"loc":{"start":{"line":1,"column":265},"end":{"line":1,"column":295}},"type":"binary-expr","locations":[{"start":{"line":1,"column":265},"end":{"line":1,"column":286}},{"start":{"line":1,"column":290},"end":{"line":1,"column":295}}],"line":1},"1":{"loc":{"start":{"line":1,"column":327},"end":{"line":1,"column":381}},"type":"if","locations":[{"start":{"line":1,"column":327},"end":{"line":1,"column":381}},{"start":{"line":1,"column":327},"end":{"line":1,"column":381}}],"line":1},"2":{"loc":{"start":{"line":1,"column":497},"end":{"line":1,"column":565}},"type":"if","locations":[{"start":{"line":1,"column":497},"end":{"line":1,"column":565}},{"start":{"line":1,"column":497},"end":{"line":1,"column":565}}],"line":1},"3":{"loc":{"start":{"line":1,"column":565},"end":{"line":1,"column":625}},"type":"if","locations":[{"start":{"line":1,"column":565},"end":{"line":1,"column":625}},{"start":{"line":1,"column":565},"end":{"line":1,"column":625}}],"line":1},"4":{"loc":{"start":{"line":4,"column":184},"end":{"line":4,"column":400}},"type":"if","locations":[{"start":{"line":4,"column":184},"end":{"line":4,"column":400}},{"start":{"line":4,"column":184},"end":{"line":4,"column":400}}],"line":4},"5":{"loc":{"start":{"line":4,"column":188},"end":{"line":4,"column":209}},"type":"binary-expr","locations":[{"start":{"line":4,"column":188},"end":{"line":4,"column":191}},{"start":{"line":4,"column":195},"end":{"line":4,"column":209}}],"line":4},"6":{"loc":{"start":{"line":4,"column":247},"end":{"line":4,"column":364}},"type":"if","locations":[{"start":{"line":4,"column":247},"end":{"line":4,"column":364}},{"start":{"line":4,"column":247},"end":{"line":4,"column":364}}],"line":4},"7":{"loc":{"start":{"line":4,"column":287},"end":{"line":4,"column":362}},"type":"if","locations":[{"start":{"line":4,"column":287},"end":{"line":4,"column":362}},{"start":{"line":4,"column":287},"end":{"line":4,"column":362}}],"line":4},"8":{"loc":{"start":{"line":4,"column":446},"end":{"line":4,"column":492}},"type":"cond-expr","locations":[{"start":{"line":4,"column":470},"end":{"line":4,"column":473}},{"start":{"line":4,"column":476},"end":{"line":4,"column":492}}],"line":4},"9":{"loc":{"start":{"line":4,"column":446},"end":{"line":4,"column":467}},"type":"binary-expr","locations":[{"start":{"line":4,"column":446},"end":{"line":4,"column":449}},{"start":{"line":4,"column":453},"end":{"line":4,"column":467}}],"line":4},"10":{"loc":{"start":{"line":4,"column":543},"end":{"line":4,"column":642}},"type":"if","locations":[{"start":{"line":4,"column":543},"end":{"line":4,"column":642}},{"start":{"line":4,"column":543},"end":{"line":4,"column":642}}],"line":4},"11":{"loc":{"start":{"line":4,"column":692},"end":{"line":4,"column":791}},"type":"if","locations":[{"start":{"line":4,"column":692},"end":{"line":4,"column":791}},{"start":{"line":4,"column":692},"end":{"line":4,"column":791}}],"line":4},"12":{"loc":{"start":{"line":4,"column":798},"end":{"line":4,"column":876}},"type":"cond-expr","locations":[{"start":{"line":4,"column":865},"end":{"line":4,"column":869}},{"start":{"line":4,"column":872},"end":{"line":4,"column":876}}],"line":4},"13":{"loc":{"start":{"line":4,"column":798},"end":{"line":4,"column":862}},"type":"binary-expr","locations":[{"start":{"line":4,"column":798},"end":{"line":4,"column":802}},{"start":{"line":4,"column":807},"end":{"line":4,"column":831}},{"start":{"line":4,"column":835},"end":{"line":4,"column":861}}],"line":4},"14":{"loc":{"start":{"line":4,"column":920},"end":{"line":4,"column":1083}},"type":"if","locations":[{"start":{"line":4,"column":920},"end":{"line":4,"column":1083}},{"start":{"line":4,"column":920},"end":{"line":4,"column":1083}}],"line":4},"15":{"loc":{"start":{"line":4,"column":924},"end":{"line":4,"column":979}},"type":"binary-expr","locations":[{"start":{"line":4,"column":924},"end":{"line":4,"column":956}},{"start":{"line":4,"column":960},"end":{"line":4,"column":979}}],"line":4},"16":{"loc":{"start":{"line":4,"column":1118},"end":{"line":4,"column":1152}},"type":"binary-expr","locations":[{"start":{"line":4,"column":1118},"end":{"line":4,"column":1128}},{"start":{"line":4,"column":1132},"end":{"line":4,"column":1152}}],"line":4},"17":{"loc":{"start":{"line":4,"column":1247},"end":{"line":4,"column":1365}},"type":"if","locations":[{"start":{"line":4,"column":1247},"end":{"line":4,"column":1365}},{"start":{"line":4,"column":1247},"end":{"line":4,"column":1365}}],"line":4},"18":{"loc":{"start":{"line":4,"column":1263},"end":{"line":4,"column":1364}},"type":"cond-expr","locations":[{"start":{"line":4,"column":1287},"end":{"line":4,"column":1330}},{"start":{"line":4,"column":1333},"end":{"line":4,"column":1364}}],"line":4},"19":{"loc":{"start":{"line":6,"column":144},"end":{"line":6,"column":189}},"type":"binary-expr","locations":[{"start":{"line":6,"column":144},"end":{"line":6,"column":158}},{"start":{"line":6,"column":162},"end":{"line":6,"column":189}}],"line":6},"20":{"loc":{"start":{"line":30,"column":21},"end":{"line":30,"column":65}},"type":"cond-expr","locations":[{"start":{"line":30,"column":51},"end":{"line":30,"column":60}},{"start":{"line":30,"column":63},"end":{"line":30,"column":65}}],"line":30}},"s":{"0":1,"1":1,"2":1,"3":4,"4":4,"5":4,"6":4,"7":4,"8":4,"9":1,"10":1,"11":1,"12":1,"13":0,"14":1,"15":1,"16":1,"17":0,"18":0,"19":0,"20":0,"21":0,"22":0,"23":0,"24":3,"25":0,"26":0,"27":0,"28":0,"29":0,"30":1,"31":0,"32":1,"33":1,"34":1,"35":1,"36":1,"37":0,"38":0,"39":1,"40":0,"41":0,"42":0,"43":0,"44":0,"45":0,"46":0,"47":1,"48":1},"f":{"0":1,"1":1,"2":1,"3":1,"4":3,"5":0,"6":0,"7":1,"8":1,"9":0,"10":0,"11":0,"12":0,"13":0,"14":0},"b":{"0":[4,4],"1":[4,0],"2":[1,0],"3":[0,1],"4":[1,0],"5":[1,1],"6":[0,0],"7":[0,0],"8":[0,3],"9":[3,3],"10":[0,0],"11":[0,0],"12":[0,0],"13":[0,0,0],"14":[0,1],"15":[1,0],"16":[1,1],"17":[1,0],"18":[1,0],"19":[0,0],"20":[0,0]},"_coverageSchema":"332fd63041d2c1bcb487cc26dd0d5f7d97098a6c","hash":"743d25fa6d8c167d3d42c5669f72ae0ba885dbec"}
,"E:\\study\\SoftServe\\Smart-Home\\src\\components\\Chart\\LineChart\\LineChart.js": {"path":"E:\\study\\SoftServe\\Smart-Home\\src\\components\\Chart\\LineChart\\LineChart.js","statementMap":{"0":{"start":{"line":1,"column":39},"end":{"line":1,"column":101}},"1":{"start":{"line":1,"column":120},"end":{"line":1,"column":649}},"2":{"start":{"line":1,"column":175},"end":{"line":1,"column":440}},"3":{"start":{"line":1,"column":232},"end":{"line":1,"column":240}},"4":{"start":{"line":1,"column":241},"end":{"line":1,"column":296}},"5":{"start":{"line":1,"column":296},"end":{"line":1,"column":327}},"6":{"start":{"line":1,"column":327},"end":{"line":1,"column":381}},"7":{"start":{"line":1,"column":354},"end":{"line":1,"column":381}},"8":{"start":{"line":1,"column":381},"end":{"line":1,"column":439}},"9":{"start":{"line":1,"column":441},"end":{"line":1,"column":646}},"10":{"start":{"line":1,"column":497},"end":{"line":1,"column":565}},"11":{"start":{"line":1,"column":513},"end":{"line":1,"column":565}},"12":{"start":{"line":1,"column":565},"end":{"line":1,"column":625}},"13":{"start":{"line":1,"column":582},"end":{"line":1,"column":625}},"14":{"start":{"line":1,"column":625},"end":{"line":1,"column":644}},"15":{"start":{"line":7,"column":171},"end":{"line":7,"column":387}},"16":{"start":{"line":7,"column":199},"end":{"line":7,"column":210}},"17":{"start":{"line":7,"column":231},"end":{"line":7,"column":233}},"18":{"start":{"line":7,"column":234},"end":{"line":7,"column":351}},"19":{"start":{"line":7,"column":252},"end":{"line":7,"column":350}},"20":{"start":{"line":7,"column":274},"end":{"line":7,"column":349}},"21":{"start":{"line":7,"column":326},"end":{"line":7,"column":349}},"22":{"start":{"line":7,"column":351},"end":{"line":7,"column":372}},"23":{"start":{"line":7,"column":372},"end":{"line":7,"column":386}},"24":{"start":{"line":7,"column":426},"end":{"line":7,"column":480}},"25":{"start":{"line":7,"column":530},"end":{"line":7,"column":629}},"26":{"start":{"line":7,"column":571},"end":{"line":7,"column":628}},"27":{"start":{"line":7,"column":679},"end":{"line":7,"column":778}},"28":{"start":{"line":7,"column":691},"end":{"line":7,"column":777}},"29":{"start":{"line":7,"column":778},"end":{"line":7,"column":864}},"30":{"start":{"line":7,"column":907},"end":{"line":7,"column":1070}},"31":{"start":{"line":7,"column":969},"end":{"line":7,"column":1069}},"32":{"start":{"line":7,"column":1070},"end":{"line":7,"column":1234}},"33":{"start":{"line":7,"column":1234},"end":{"line":7,"column":1352}},"34":{"start":{"line":7,"column":1250},"end":{"line":7,"column":1352}},"35":{"start":{"line":9,"column":12},"end":{"line":81,"column":46}},"36":{"start":{"line":9,"column":35},"end":{"line":9,"column":68}},"37":{"start":{"line":10,"column":114},"end":{"line":11,"column":12}},"38":{"start":{"line":12,"column":3},"end":{"line":81,"column":10}},"39":{"start":{"line":15,"column":19},"end":{"line":15,"column":63}},"40":{"start":{"line":16,"column":10},"end":{"line":16,"column":57}},"41":{"start":{"line":17,"column":10},"end":{"line":17,"column":58}},"42":{"start":{"line":18,"column":22},"end":{"line":18,"column":43}},"43":{"start":{"line":20,"column":6},"end":{"line":22,"column":9}},"44":{"start":{"line":21,"column":8},"end":{"line":21,"column":106}},"45":{"start":{"line":23,"column":14},"end":{"line":25,"column":24}},"46":{"start":{"line":26,"column":14},"end":{"line":28,"column":19}},"47":{"start":{"line":29,"column":17},"end":{"line":32,"column":29}},"48":{"start":{"line":33,"column":48},"end":{"line":33,"column":99}},"49":{"start":{"line":35,"column":6},"end":{"line":76,"column":46}},"50":{"start":{"line":81,"column":10},"end":{"line":81,"column":27}},"51":{"start":{"line":84,"column":0},"end":{"line":90,"column":68}},"52":{"start":{"line":93,"column":0},"end":{"line":110,"column":32}}},"fnMap":{"0":{"name":"(anonymous_0)","decl":{"start":{"line":1,"column":120},"end":{"line":1,"column":121}},"loc":{"start":{"line":1,"column":132},"end":{"line":1,"column":647}},"line":1},"1":{"name":"defineProperties","decl":{"start":{"line":1,"column":142},"end":{"line":1,"column":158}},"loc":{"start":{"line":1,"column":174},"end":{"line":1,"column":441}},"line":1},"2":{"name":"(anonymous_2)","decl":{"start":{"line":1,"column":448},"end":{"line":1,"column":449}},"loc":{"start":{"line":1,"column":496},"end":{"line":1,"column":645}},"line":1},"3":{"name":"_interopRequireWildcard","decl":{"start":{"line":7,"column":141},"end":{"line":7,"column":164}},"loc":{"start":{"line":7,"column":170},"end":{"line":7,"column":388}},"line":7},"4":{"name":"_interopRequireDefault","decl":{"start":{"line":7,"column":397},"end":{"line":7,"column":419}},"loc":{"start":{"line":7,"column":425},"end":{"line":7,"column":481}},"line":7},"5":{"name":"_classCallCheck","decl":{"start":{"line":7,"column":490},"end":{"line":7,"column":505}},"loc":{"start":{"line":7,"column":529},"end":{"line":7,"column":630}},"line":7},"6":{"name":"_possibleConstructorReturn","decl":{"start":{"line":7,"column":639},"end":{"line":7,"column":665}},"loc":{"start":{"line":7,"column":678},"end":{"line":7,"column":865}},"line":7},"7":{"name":"_inherits","decl":{"start":{"line":7,"column":874},"end":{"line":7,"column":883}},"loc":{"start":{"line":7,"column":906},"end":{"line":7,"column":1353}},"line":7},"8":{"name":"(anonymous_8)","decl":{"start":{"line":9,"column":12},"end":{"line":9,"column":13}},"loc":{"start":{"line":9,"column":34},"end":{"line":81,"column":28}},"line":9},"9":{"name":"LineChart","decl":{"start":{"line":10,"column":37},"end":{"line":10,"column":46}},"loc":{"start":{"line":10,"column":54},"end":{"line":12,"column":3}},"line":10},"10":{"name":"render","decl":{"start":{"line":12,"column":61},"end":{"line":12,"column":67}},"loc":{"start":{"line":14,"column":4},"end":{"line":81,"column":5}},"line":14},"11":{"name":"(anonymous_11)","decl":{"start":{"line":20,"column":38},"end":{"line":20,"column":39}},"loc":{"start":{"line":20,"column":51},"end":{"line":22,"column":7}},"line":20},"12":{"name":"(anonymous_12)","decl":{"start":{"line":24,"column":34},"end":{"line":24,"column":35}},"loc":{"start":{"line":24,"column":73},"end":{"line":24,"column":89}},"line":24},"13":{"name":"(anonymous_13)","decl":{"start":{"line":30,"column":8},"end":{"line":30,"column":9}},"loc":{"start":{"line":30,"column":47},"end":{"line":30,"column":66}},"line":30},"14":{"name":"(anonymous_14)","decl":{"start":{"line":31,"column":8},"end":{"line":31,"column":9}},"loc":{"start":{"line":31,"column":47},"end":{"line":31,"column":107}},"line":31}},"branchMap":{"0":{"loc":{"start":{"line":1,"column":265},"end":{"line":1,"column":295}},"type":"binary-expr","locations":[{"start":{"line":1,"column":265},"end":{"line":1,"column":286}},{"start":{"line":1,"column":290},"end":{"line":1,"column":295}}],"line":1},"1":{"loc":{"start":{"line":1,"column":327},"end":{"line":1,"column":381}},"type":"if","locations":[{"start":{"line":1,"column":327},"end":{"line":1,"column":381}},{"start":{"line":1,"column":327},"end":{"line":1,"column":381}}],"line":1},"2":{"loc":{"start":{"line":1,"column":497},"end":{"line":1,"column":565}},"type":"if","locations":[{"start":{"line":1,"column":497},"end":{"line":1,"column":565}},{"start":{"line":1,"column":497},"end":{"line":1,"column":565}}],"line":1},"3":{"loc":{"start":{"line":1,"column":565},"end":{"line":1,"column":625}},"type":"if","locations":[{"start":{"line":1,"column":565},"end":{"line":1,"column":625}},{"start":{"line":1,"column":565},"end":{"line":1,"column":625}}],"line":1},"4":{"loc":{"start":{"line":7,"column":171},"end":{"line":7,"column":387}},"type":"if","locations":[{"start":{"line":7,"column":171},"end":{"line":7,"column":387}},{"start":{"line":7,"column":171},"end":{"line":7,"column":387}}],"line":7},"5":{"loc":{"start":{"line":7,"column":175},"end":{"line":7,"column":196}},"type":"binary-expr","locations":[{"start":{"line":7,"column":175},"end":{"line":7,"column":178}},{"start":{"line":7,"column":182},"end":{"line":7,"column":196}}],"line":7},"6":{"loc":{"start":{"line":7,"column":234},"end":{"line":7,"column":351}},"type":"if","locations":[{"start":{"line":7,"column":234},"end":{"line":7,"column":351}},{"start":{"line":7,"column":234},"end":{"line":7,"column":351}}],"line":7},"7":{"loc":{"start":{"line":7,"column":274},"end":{"line":7,"column":349}},"type":"if","locations":[{"start":{"line":7,"column":274},"end":{"line":7,"column":349}},{"start":{"line":7,"column":274},"end":{"line":7,"column":349}}],"line":7},"8":{"loc":{"start":{"line":7,"column":433},"end":{"line":7,"column":479}},"type":"cond-expr","locations":[{"start":{"line":7,"column":457},"end":{"line":7,"column":460}},{"start":{"line":7,"column":463},"end":{"line":7,"column":479}}],"line":7},"9":{"loc":{"start":{"line":7,"column":433},"end":{"line":7,"column":454}},"type":"binary-expr","locations":[{"start":{"line":7,"column":433},"end":{"line":7,"column":436}},{"start":{"line":7,"column":440},"end":{"line":7,"column":454}}],"line":7},"10":{"loc":{"start":{"line":7,"column":530},"end":{"line":7,"column":629}},"type":"if","locations":[{"start":{"line":7,"column":530},"end":{"line":7,"column":629}},{"start":{"line":7,"column":530},"end":{"line":7,"column":629}}],"line":7},"11":{"loc":{"start":{"line":7,"column":679},"end":{"line":7,"column":778}},"type":"if","locations":[{"start":{"line":7,"column":679},"end":{"line":7,"column":778}},{"start":{"line":7,"column":679},"end":{"line":7,"column":778}}],"line":7},"12":{"loc":{"start":{"line":7,"column":785},"end":{"line":7,"column":863}},"type":"cond-expr","locations":[{"start":{"line":7,"column":852},"end":{"line":7,"column":856}},{"start":{"line":7,"column":859},"end":{"line":7,"column":863}}],"line":7},"13":{"loc":{"start":{"line":7,"column":785},"end":{"line":7,"column":849}},"type":"binary-expr","locations":[{"start":{"line":7,"column":785},"end":{"line":7,"column":789}},{"start":{"line":7,"column":794},"end":{"line":7,"column":818}},{"start":{"line":7,"column":822},"end":{"line":7,"column":848}}],"line":7},"14":{"loc":{"start":{"line":7,"column":907},"end":{"line":7,"column":1070}},"type":"if","locations":[{"start":{"line":7,"column":907},"end":{"line":7,"column":1070}},{"start":{"line":7,"column":907},"end":{"line":7,"column":1070}}],"line":7},"15":{"loc":{"start":{"line":7,"column":911},"end":{"line":7,"column":966}},"type":"binary-expr","locations":[{"start":{"line":7,"column":911},"end":{"line":7,"column":943}},{"start":{"line":7,"column":947},"end":{"line":7,"column":966}}],"line":7},"16":{"loc":{"start":{"line":7,"column":1105},"end":{"line":7,"column":1139}},"type":"binary-expr","locations":[{"start":{"line":7,"column":1105},"end":{"line":7,"column":1115}},{"start":{"line":7,"column":1119},"end":{"line":7,"column":1139}}],"line":7},"17":{"loc":{"start":{"line":7,"column":1234},"end":{"line":7,"column":1352}},"type":"if","locations":[{"start":{"line":7,"column":1234},"end":{"line":7,"column":1352}},{"start":{"line":7,"column":1234},"end":{"line":7,"column":1352}}],"line":7},"18":{"loc":{"start":{"line":7,"column":1250},"end":{"line":7,"column":1351}},"type":"cond-expr","locations":[{"start":{"line":7,"column":1274},"end":{"line":7,"column":1317}},{"start":{"line":7,"column":1320},"end":{"line":7,"column":1351}}],"line":7},"19":{"loc":{"start":{"line":10,"column":155},"end":{"line":10,"column":210}},"type":"binary-expr","locations":[{"start":{"line":10,"column":155},"end":{"line":10,"column":174}},{"start":{"line":10,"column":178},"end":{"line":10,"column":210}}],"line":10}},"s":{"0":1,"1":1,"2":1,"3":1,"4":1,"5":1,"6":1,"7":1,"8":1,"9":1,"10":1,"11":1,"12":1,"13":0,"14":1,"15":1,"16":1,"17":0,"18":0,"19":0,"20":0,"21":0,"22":0,"23":0,"24":4,"25":0,"26":0,"27":0,"28":0,"29":0,"30":1,"31":0,"32":1,"33":1,"34":1,"35":1,"36":1,"37":0,"38":1,"39":0,"40":0,"41":0,"42":0,"43":0,"44":0,"45":0,"46":0,"47":0,"48":0,"49":0,"50":1,"51":1,"52":1},"f":{"0":1,"1":1,"2":1,"3":1,"4":4,"5":0,"6":0,"7":1,"8":1,"9":0,"10":0,"11":0,"12":0,"13":0,"14":0},"b":{"0":[1,1],"1":[1,0],"2":[1,0],"3":[0,1],"4":[1,0],"5":[1,1],"6":[0,0],"7":[0,0],"8":[2,2],"9":[4,4],"10":[0,0],"11":[0,0],"12":[0,0],"13":[0,0,0],"14":[0,1],"15":[1,0],"16":[1,1],"17":[1,0],"18":[1,0],"19":[0,0]},"_coverageSchema":"332fd63041d2c1bcb487cc26dd0d5f7d97098a6c","hash":"ec58cad41f05b2f6f8cac81cfb993fa8ec321089"}
,"E:\\study\\SoftServe\\Smart-Home\\src\\components\\Chart\\LineChart\\index.scss": {"path":"E:\\study\\SoftServe\\Smart-Home\\src\\components\\Chart\\LineChart\\index.scss","statementMap":{},"fnMap":{},"branchMap":{},"s":{},"f":{},"b":{},"_coverageSchema":"332fd63041d2c1bcb487cc26dd0d5f7d97098a6c","hash":"899c7e9e971dd8529faadb1dbe19784d19711c63"}
,"E:\\study\\SoftServe\\Smart-Home\\src\\components\\Device\\Device.js": {"path":"E:\\study\\SoftServe\\Smart-Home\\src\\components\\Device\\Device.js","statementMap":{"0":{"start":{"line":1,"column":39},"end":{"line":1,"column":101}},"1":{"start":{"line":1,"column":101},"end":{"line":1,"column":128}},"2":{"start":{"line":8,"column":39},"end":{"line":75,"column":1}},"3":{"start":{"line":9,"column":15},"end":{"line":9,"column":27}},"4":{"start":{"line":11,"column":2},"end":{"line":71,"column":14}},"5":{"start":{"line":41,"column":60},"end":{"line":41,"column":109}},"6":{"start":{"line":42,"column":51},"end":{"line":42,"column":57}},"7":{"start":{"line":42,"column":95},"end":{"line":42,"column":101}},"8":{"start":{"line":44,"column":10},"end":{"line":47,"column":11}},"9":{"start":{"line":45,"column":12},"end":{"line":45,"column":47}},"10":{"start":{"line":46,"column":12},"end":{"line":46,"column":47}},"11":{"start":{"line":49,"column":10},"end":{"line":68,"column":39}},"12":{"start":{"line":77,"column":0},"end":{"line":82,"column":67}}},"fnMap":{"0":{"name":"Device","decl":{"start":{"line":8,"column":65},"end":{"line":8,"column":71}},"loc":{"start":{"line":8,"column":79},"end":{"line":75,"column":1}},"line":8},"1":{"name":"(anonymous_1)","decl":{"start":{"line":40,"column":25},"end":{"line":40,"column":26}},"loc":{"start":{"line":40,"column":47},"end":{"line":71,"column":9}},"line":40}},"branchMap":{"0":{"loc":{"start":{"line":44,"column":10},"end":{"line":47,"column":11}},"type":"if","locations":[{"start":{"line":44,"column":10},"end":{"line":47,"column":11}},{"start":{"line":44,"column":10},"end":{"line":47,"column":11}}],"line":44},"1":{"loc":{"start":{"line":55,"column":16},"end":{"line":55,"column":59}},"type":"binary-expr","locations":[{"start":{"line":55,"column":16},"end":{"line":55,"column":35}},{"start":{"line":55,"column":39},"end":{"line":55,"column":59}}],"line":55}},"s":{"0":1,"1":1,"2":1,"3":1,"4":1,"5":3,"6":3,"7":3,"8":3,"9":1,"10":1,"11":3,"12":1},"f":{"0":1,"1":3},"b":{"0":[1,2],"1":[3,0]},"_coverageSchema":"332fd63041d2c1bcb487cc26dd0d5f7d97098a6c","hash":"0cc8b77025dc483d984182b0eef53c429c8fb58e"}
,"E:\\study\\SoftServe\\Smart-Home\\src\\components\\Device\\Device.scss": {"path":"E:\\study\\SoftServe\\Smart-Home\\src\\components\\Device\\Device.scss","statementMap":{},"fnMap":{},"branchMap":{},"s":{},"f":{},"b":{},"_coverageSchema":"332fd63041d2c1bcb487cc26dd0d5f7d97098a6c","hash":"0d42c84bd576207dc07cb9fb06e813455d699689"}
,"E:\\study\\SoftServe\\Smart-Home\\src\\components\\DeviceListItem\\DeviceListItem.js": {"path":"E:\\study\\SoftServe\\Smart-Home\\src\\components\\DeviceListItem\\DeviceListItem.js","statementMap":{"0":{"start":{"line":1,"column":39},"end":{"line":1,"column":101}},"1":{"start":{"line":1,"column":120},"end":{"line":1,"column":649}},"2":{"start":{"line":1,"column":175},"end":{"line":1,"column":440}},"3":{"start":{"line":1,"column":232},"end":{"line":1,"column":240}},"4":{"start":{"line":1,"column":241},"end":{"line":1,"column":296}},"5":{"start":{"line":1,"column":296},"end":{"line":1,"column":327}},"6":{"start":{"line":1,"column":327},"end":{"line":1,"column":381}},"7":{"start":{"line":1,"column":354},"end":{"line":1,"column":381}},"8":{"start":{"line":1,"column":381},"end":{"line":1,"column":439}},"9":{"start":{"line":1,"column":441},"end":{"line":1,"column":646}},"10":{"start":{"line":1,"column":497},"end":{"line":1,"column":565}},"11":{"start":{"line":1,"column":513},"end":{"line":1,"column":565}},"12":{"start":{"line":1,"column":565},"end":{"line":1,"column":625}},"13":{"start":{"line":1,"column":582},"end":{"line":1,"column":625}},"14":{"start":{"line":1,"column":625},"end":{"line":1,"column":644}},"15":{"start":{"line":5,"column":228},"end":{"line":5,"column":327}},"16":{"start":{"line":5,"column":269},"end":{"line":5,"column":326}},"17":{"start":{"line":5,"column":377},"end":{"line":5,"column":476}},"18":{"start":{"line":5,"column":389},"end":{"line":5,"column":475}},"19":{"start":{"line":5,"column":476},"end":{"line":5,"column":562}},"20":{"start":{"line":5,"column":605},"end":{"line":5,"column":768}},"21":{"start":{"line":5,"column":667},"end":{"line":5,"column":767}},"22":{"start":{"line":5,"column":768},"end":{"line":5,"column":932}},"23":{"start":{"line":5,"column":932},"end":{"line":5,"column":1050}},"24":{"start":{"line":5,"column":948},"end":{"line":5,"column":1050}},"25":{"start":{"line":7,"column":17},"end":{"line":45,"column":87}},"26":{"start":{"line":7,"column":46},"end":{"line":7,"column":90}},"27":{"start":{"line":8,"column":136},"end":{"line":9,"column":11}},"28":{"start":{"line":14,"column":3},"end":{"line":45,"column":10}},"29":{"start":{"line":17,"column":6},"end":{"line":38,"column":52}},"30":{"start":{"line":45,"column":10},"end":{"line":45,"column":32}},"31":{"start":{"line":48,"column":0},"end":{"line":57,"column":72}}},"fnMap":{"0":{"name":"(anonymous_0)","decl":{"start":{"line":1,"column":120},"end":{"line":1,"column":121}},"loc":{"start":{"line":1,"column":132},"end":{"line":1,"column":647}},"line":1},"1":{"name":"defineProperties","decl":{"start":{"line":1,"column":142},"end":{"line":1,"column":158}},"loc":{"start":{"line":1,"column":174},"end":{"line":1,"column":441}},"line":1},"2":{"name":"(anonymous_2)","decl":{"start":{"line":1,"column":448},"end":{"line":1,"column":449}},"loc":{"start":{"line":1,"column":496},"end":{"line":1,"column":645}},"line":1},"3":{"name":"_classCallCheck","decl":{"start":{"line":5,"column":188},"end":{"line":5,"column":203}},"loc":{"start":{"line":5,"column":227},"end":{"line":5,"column":328}},"line":5},"4":{"name":"_possibleConstructorReturn","decl":{"start":{"line":5,"column":337},"end":{"line":5,"column":363}},"loc":{"start":{"line":5,"column":376},"end":{"line":5,"column":563}},"line":5},"5":{"name":"_inherits","decl":{"start":{"line":5,"column":572},"end":{"line":5,"column":581}},"loc":{"start":{"line":5,"column":604},"end":{"line":5,"column":1051}},"line":5},"6":{"name":"(anonymous_6)","decl":{"start":{"line":7,"column":17},"end":{"line":7,"column":18}},"loc":{"start":{"line":7,"column":45},"end":{"line":45,"column":33}},"line":7},"7":{"name":"DeviceListItem","decl":{"start":{"line":8,"column":37},"end":{"line":8,"column":51}},"loc":{"start":{"line":8,"column":59},"end":{"line":14,"column":3}},"line":8},"8":{"name":"render","decl":{"start":{"line":14,"column":66},"end":{"line":14,"column":72}},"loc":{"start":{"line":16,"column":4},"end":{"line":45,"column":5}},"line":16}},"branchMap":{"0":{"loc":{"start":{"line":1,"column":265},"end":{"line":1,"column":295}},"type":"binary-expr","locations":[{"start":{"line":1,"column":265},"end":{"line":1,"column":286}},{"start":{"line":1,"column":290},"end":{"line":1,"column":295}}],"line":1},"1":{"loc":{"start":{"line":1,"column":327},"end":{"line":1,"column":381}},"type":"if","locations":[{"start":{"line":1,"column":327},"end":{"line":1,"column":381}},{"start":{"line":1,"column":327},"end":{"line":1,"column":381}}],"line":1},"2":{"loc":{"start":{"line":1,"column":497},"end":{"line":1,"column":565}},"type":"if","locations":[{"start":{"line":1,"column":497},"end":{"line":1,"column":565}},{"start":{"line":1,"column":497},"end":{"line":1,"column":565}}],"line":1},"3":{"loc":{"start":{"line":1,"column":565},"end":{"line":1,"column":625}},"type":"if","locations":[{"start":{"line":1,"column":565},"end":{"line":1,"column":625}},{"start":{"line":1,"column":565},"end":{"line":1,"column":625}}],"line":1},"4":{"loc":{"start":{"line":5,"column":228},"end":{"line":5,"column":327}},"type":"if","locations":[{"start":{"line":5,"column":228},"end":{"line":5,"column":327}},{"start":{"line":5,"column":228},"end":{"line":5,"column":327}}],"line":5},"5":{"loc":{"start":{"line":5,"column":377},"end":{"line":5,"column":476}},"type":"if","locations":[{"start":{"line":5,"column":377},"end":{"line":5,"column":476}},{"start":{"line":5,"column":377},"end":{"line":5,"column":476}}],"line":5},"6":{"loc":{"start":{"line":5,"column":483},"end":{"line":5,"column":561}},"type":"cond-expr","locations":[{"start":{"line":5,"column":550},"end":{"line":5,"column":554}},{"start":{"line":5,"column":557},"end":{"line":5,"column":561}}],"line":5},"7":{"loc":{"start":{"line":5,"column":483},"end":{"line":5,"column":547}},"type":"binary-expr","locations":[{"start":{"line":5,"column":483},"end":{"line":5,"column":487}},{"start":{"line":5,"column":492},"end":{"line":5,"column":516}},{"start":{"line":5,"column":520},"end":{"line":5,"column":546}}],"line":5},"8":{"loc":{"start":{"line":5,"column":605},"end":{"line":5,"column":768}},"type":"if","locations":[{"start":{"line":5,"column":605},"end":{"line":5,"column":768}},{"start":{"line":5,"column":605},"end":{"line":5,"column":768}}],"line":5},"9":{"loc":{"start":{"line":5,"column":609},"end":{"line":5,"column":664}},"type":"binary-expr","locations":[{"start":{"line":5,"column":609},"end":{"line":5,"column":641}},{"start":{"line":5,"column":645},"end":{"line":5,"column":664}}],"line":5},"10":{"loc":{"start":{"line":5,"column":803},"end":{"line":5,"column":837}},"type":"binary-expr","locations":[{"start":{"line":5,"column":803},"end":{"line":5,"column":813}},{"start":{"line":5,"column":817},"end":{"line":5,"column":837}}],"line":5},"11":{"loc":{"start":{"line":5,"column":932},"end":{"line":5,"column":1050}},"type":"if","locations":[{"start":{"line":5,"column":932},"end":{"line":5,"column":1050}},{"start":{"line":5,"column":932},"end":{"line":5,"column":1050}}],"line":5},"12":{"loc":{"start":{"line":5,"column":948},"end":{"line":5,"column":1049}},"type":"cond-expr","locations":[{"start":{"line":5,"column":972},"end":{"line":5,"column":1015}},{"start":{"line":5,"column":1018},"end":{"line":5,"column":1049}}],"line":5},"13":{"loc":{"start":{"line":8,"column":170},"end":{"line":8,"column":235}},"type":"binary-expr","locations":[{"start":{"line":8,"column":170},"end":{"line":8,"column":194}},{"start":{"line":8,"column":198},"end":{"line":8,"column":235}}],"line":8}},"s":{"0":1,"1":1,"2":1,"3":1,"4":1,"5":1,"6":1,"7":1,"8":1,"9":1,"10":1,"11":1,"12":1,"13":0,"14":1,"15":1,"16":0,"17":1,"18":0,"19":1,"20":1,"21":0,"22":1,"23":1,"24":1,"25":1,"26":1,"27":1,"28":1,"29":1,"30":1,"31":1},"f":{"0":1,"1":1,"2":1,"3":1,"4":1,"5":1,"6":1,"7":1,"8":1},"b":{"0":[1,1],"1":[1,0],"2":[1,0],"3":[0,1],"4":[0,1],"5":[0,1],"6":[0,1],"7":[1,0,0],"8":[0,1],"9":[1,0],"10":[1,1],"11":[1,0],"12":[1,0],"13":[1,0]},"_coverageSchema":"332fd63041d2c1bcb487cc26dd0d5f7d97098a6c","hash":"146b68d88f2e219d72ea9ba0fc211d320070d5b3"}
,"E:\\study\\SoftServe\\Smart-Home\\src\\components\\DeviceListItem\\DeviceListItem.scss": {"path":"E:\\study\\SoftServe\\Smart-Home\\src\\components\\DeviceListItem\\DeviceListItem.scss","statementMap":{},"fnMap":{},"branchMap":{},"s":{},"f":{},"b":{},"_coverageSchema":"332fd63041d2c1bcb487cc26dd0d5f7d97098a6c","hash":"09e722171d57acd00d08ffc96b20cfee161574d7"}
,"E:\\study\\SoftServe\\Smart-Home\\src\\components\\RangeSettings\\Range.js": {"path":"E:\\study\\SoftServe\\Smart-Home\\src\\components\\RangeSettings\\Range.js","statementMap":{"0":{"start":{"line":1,"column":39},"end":{"line":1,"column":101}},"1":{"start":{"line":1,"column":120},"end":{"line":1,"column":649}},"2":{"start":{"line":1,"column":175},"end":{"line":1,"column":440}},"3":{"start":{"line":1,"column":232},"end":{"line":1,"column":240}},"4":{"start":{"line":1,"column":241},"end":{"line":1,"column":296}},"5":{"start":{"line":1,"column":296},"end":{"line":1,"column":327}},"6":{"start":{"line":1,"column":327},"end":{"line":1,"column":381}},"7":{"start":{"line":1,"column":354},"end":{"line":1,"column":381}},"8":{"start":{"line":1,"column":381},"end":{"line":1,"column":439}},"9":{"start":{"line":1,"column":441},"end":{"line":1,"column":646}},"10":{"start":{"line":1,"column":497},"end":{"line":1,"column":565}},"11":{"start":{"line":1,"column":513},"end":{"line":1,"column":565}},"12":{"start":{"line":1,"column":565},"end":{"line":1,"column":625}},"13":{"start":{"line":1,"column":582},"end":{"line":1,"column":625}},"14":{"start":{"line":1,"column":625},"end":{"line":1,"column":644}},"15":{"start":{"line":3,"column":224},"end":{"line":3,"column":323}},"16":{"start":{"line":3,"column":265},"end":{"line":3,"column":322}},"17":{"start":{"line":3,"column":373},"end":{"line":3,"column":472}},"18":{"start":{"line":3,"column":385},"end":{"line":3,"column":471}},"19":{"start":{"line":3,"column":472},"end":{"line":3,"column":558}},"20":{"start":{"line":3,"column":601},"end":{"line":3,"column":764}},"21":{"start":{"line":3,"column":663},"end":{"line":3,"column":763}},"22":{"start":{"line":3,"column":764},"end":{"line":3,"column":928}},"23":{"start":{"line":3,"column":928},"end":{"line":3,"column":1046}},"24":{"start":{"line":3,"column":944},"end":{"line":3,"column":1046}},"25":{"start":{"line":6,"column":16},"end":{"line":165,"column":86}},"26":{"start":{"line":6,"column":45},"end":{"line":6,"column":88}},"27":{"start":{"line":7,"column":134},"end":{"line":8,"column":11}},"28":{"start":{"line":111,"column":47},"end":{"line":111,"column":53}},"29":{"start":{"line":111,"column":91},"end":{"line":111,"column":97}},"30":{"start":{"line":111,"column":98},"end":{"line":111,"column":281}},"31":{"start":{"line":111,"column":150},"end":{"line":111,"column":215}},"32":{"start":{"line":111,"column":215},"end":{"line":111,"column":280}},"33":{"start":{"line":111,"column":1358},"end":{"line":165,"column":10}},"34":{"start":{"line":111,"column":1452},"end":{"line":111,"column":1540}},"35":{"start":{"line":111,"column":1497},"end":{"line":111,"column":1539}},"36":{"start":{"line":111,"column":1635},"end":{"line":111,"column":1681}},"37":{"start":{"line":114,"column":6},"end":{"line":114,"column":16}},"38":{"start":{"line":114,"column":23},"end":{"line":114,"column":33}},"39":{"start":{"line":114,"column":40},"end":{"line":114,"column":50}},"40":{"start":{"line":116,"column":6},"end":{"line":161,"column":41}},"41":{"start":{"line":165,"column":10},"end":{"line":165,"column":31}},"42":{"start":{"line":168,"column":0},"end":{"line":184,"column":65}}},"fnMap":{"0":{"name":"(anonymous_0)","decl":{"start":{"line":1,"column":120},"end":{"line":1,"column":121}},"loc":{"start":{"line":1,"column":132},"end":{"line":1,"column":647}},"line":1},"1":{"name":"defineProperties","decl":{"start":{"line":1,"column":142},"end":{"line":1,"column":158}},"loc":{"start":{"line":1,"column":174},"end":{"line":1,"column":441}},"line":1},"2":{"name":"(anonymous_2)","decl":{"start":{"line":1,"column":448},"end":{"line":1,"column":449}},"loc":{"start":{"line":1,"column":496},"end":{"line":1,"column":645}},"line":1},"3":{"name":"_classCallCheck","decl":{"start":{"line":3,"column":184},"end":{"line":3,"column":199}},"loc":{"start":{"line":3,"column":223},"end":{"line":3,"column":324}},"line":3},"4":{"name":"_possibleConstructorReturn","decl":{"start":{"line":3,"column":333},"end":{"line":3,"column":359}},"loc":{"start":{"line":3,"column":372},"end":{"line":3,"column":559}},"line":3},"5":{"name":"_inherits","decl":{"start":{"line":3,"column":568},"end":{"line":3,"column":577}},"loc":{"start":{"line":3,"column":600},"end":{"line":3,"column":1047}},"line":3},"6":{"name":"(anonymous_6)","decl":{"start":{"line":6,"column":16},"end":{"line":6,"column":17}},"loc":{"start":{"line":6,"column":44},"end":{"line":165,"column":32}},"line":6},"7":{"name":"RangeSettings","decl":{"start":{"line":7,"column":37},"end":{"line":7,"column":50}},"loc":{"start":{"line":7,"column":58},"end":{"line":111,"column":1358}},"line":7},"8":{"name":"componentDidMount","decl":{"start":{"line":111,"column":1431},"end":{"line":111,"column":1448}},"loc":{"start":{"line":111,"column":1451},"end":{"line":111,"column":1541}},"line":111},"9":{"name":"componentWillReceiveProps","decl":{"start":{"line":111,"column":1597},"end":{"line":111,"column":1622}},"loc":{"start":{"line":111,"column":1634},"end":{"line":111,"column":1682}},"line":111},"10":{"name":"render","decl":{"start":{"line":111,"column":1719},"end":{"line":111,"column":1725}},"loc":{"start":{"line":113,"column":4},"end":{"line":165,"column":5}},"line":113},"11":{"name":"ref","decl":{"start":{"line":130,"column":58},"end":{"line":130,"column":61}},"loc":{"start":{"line":130,"column":69},"end":{"line":132,"column":19}},"line":130},"12":{"name":"ref","decl":{"start":{"line":140,"column":58},"end":{"line":140,"column":61}},"loc":{"start":{"line":140,"column":69},"end":{"line":142,"column":19}},"line":140}},"branchMap":{"0":{"loc":{"start":{"line":1,"column":265},"end":{"line":1,"column":295}},"type":"binary-expr","locations":[{"start":{"line":1,"column":265},"end":{"line":1,"column":286}},{"start":{"line":1,"column":290},"end":{"line":1,"column":295}}],"line":1},"1":{"loc":{"start":{"line":1,"column":327},"end":{"line":1,"column":381}},"type":"if","locations":[{"start":{"line":1,"column":327},"end":{"line":1,"column":381}},{"start":{"line":1,"column":327},"end":{"line":1,"column":381}}],"line":1},"2":{"loc":{"start":{"line":1,"column":497},"end":{"line":1,"column":565}},"type":"if","locations":[{"start":{"line":1,"column":497},"end":{"line":1,"column":565}},{"start":{"line":1,"column":497},"end":{"line":1,"column":565}}],"line":1},"3":{"loc":{"start":{"line":1,"column":565},"end":{"line":1,"column":625}},"type":"if","locations":[{"start":{"line":1,"column":565},"end":{"line":1,"column":625}},{"start":{"line":1,"column":565},"end":{"line":1,"column":625}}],"line":1},"4":{"loc":{"start":{"line":3,"column":224},"end":{"line":3,"column":323}},"type":"if","locations":[{"start":{"line":3,"column":224},"end":{"line":3,"column":323}},{"start":{"line":3,"column":224},"end":{"line":3,"column":323}}],"line":3},"5":{"loc":{"start":{"line":3,"column":373},"end":{"line":3,"column":472}},"type":"if","locations":[{"start":{"line":3,"column":373},"end":{"line":3,"column":472}},{"start":{"line":3,"column":373},"end":{"line":3,"column":472}}],"line":3},"6":{"loc":{"start":{"line":3,"column":479},"end":{"line":3,"column":557}},"type":"cond-expr","locations":[{"start":{"line":3,"column":546},"end":{"line":3,"column":550}},{"start":{"line":3,"column":553},"end":{"line":3,"column":557}}],"line":3},"7":{"loc":{"start":{"line":3,"column":479},"end":{"line":3,"column":543}},"type":"binary-expr","locations":[{"start":{"line":3,"column":479},"end":{"line":3,"column":483}},{"start":{"line":3,"column":488},"end":{"line":3,"column":512}},{"start":{"line":3,"column":516},"end":{"line":3,"column":542}}],"line":3},"8":{"loc":{"start":{"line":3,"column":601},"end":{"line":3,"column":764}},"type":"if","locations":[{"start":{"line":3,"column":601},"end":{"line":3,"column":764}},{"start":{"line":3,"column":601},"end":{"line":3,"column":764}}],"line":3},"9":{"loc":{"start":{"line":3,"column":605},"end":{"line":3,"column":660}},"type":"binary-expr","locations":[{"start":{"line":3,"column":605},"end":{"line":3,"column":637}},{"start":{"line":3,"column":641},"end":{"line":3,"column":660}}],"line":3},"10":{"loc":{"start":{"line":3,"column":799},"end":{"line":3,"column":833}},"type":"binary-expr","locations":[{"start":{"line":3,"column":799},"end":{"line":3,"column":809}},{"start":{"line":3,"column":813},"end":{"line":3,"column":833}}],"line":3},"11":{"loc":{"start":{"line":3,"column":928},"end":{"line":3,"column":1046}},"type":"if","locations":[{"start":{"line":3,"column":928},"end":{"line":3,"column":1046}},{"start":{"line":3,"column":928},"end":{"line":3,"column":1046}}],"line":3},"12":{"loc":{"start":{"line":3,"column":944},"end":{"line":3,"column":1045}},"type":"cond-expr","locations":[{"start":{"line":3,"column":968},"end":{"line":3,"column":1011}},{"start":{"line":3,"column":1014},"end":{"line":3,"column":1045}}],"line":3},"13":{"loc":{"start":{"line":7,"column":168},"end":{"line":7,"column":231}},"type":"binary-expr","locations":[{"start":{"line":7,"column":168},"end":{"line":7,"column":191}},{"start":{"line":7,"column":195},"end":{"line":7,"column":231}}],"line":7},"14":{"loc":{"start":{"line":111,"column":98},"end":{"line":111,"column":281}},"type":"if","locations":[{"start":{"line":111,"column":98},"end":{"line":111,"column":281}},{"start":{"line":111,"column":98},"end":{"line":111,"column":281}}],"line":111},"15":{"loc":{"start":{"line":111,"column":1452},"end":{"line":111,"column":1540}},"type":"if","locations":[{"start":{"line":111,"column":1452},"end":{"line":111,"column":1540}},{"start":{"line":111,"column":1452},"end":{"line":111,"column":1540}}],"line":111},"16":{"loc":{"start":{"line":111,"column":1658},"end":{"line":111,"column":1677}},"type":"binary-expr","locations":[{"start":{"line":111,"column":1658},"end":{"line":111,"column":1672}},{"start":{"line":111,"column":1676},"end":{"line":111,"column":1677}}],"line":111},"17":{"loc":{"start":{"line":118,"column":10},"end":{"line":150,"column":14}},"type":"cond-expr","locations":[{"start":{"line":150,"column":10},"end":{"line":150,"column":14}}],"line":118},"18":{"loc":{"start":{"line":152,"column":10},"end":{"line":153,"column":29}},"type":"cond-expr","locations":[{"start":{"line":152,"column":33},"end":{"line":152,"column":37}}],"line":152},"19":{"loc":{"start":{"line":158,"column":17},"end":{"line":158,"column":50}},"type":"binary-expr","locations":[{"start":{"line":158,"column":17},"end":{"line":158,"column":20}},{"start":{"line":158,"column":24},"end":{"line":158,"column":50}}],"line":158},"20":{"loc":{"start":{"line":159,"column":17},"end":{"line":159,"column":50}},"type":"binary-expr","locations":[{"start":{"line":159,"column":17},"end":{"line":159,"column":20}},{"start":{"line":159,"column":24},"end":{"line":159,"column":50}}],"line":159}},"s":{"0":1,"1":1,"2":1,"3":3,"4":3,"5":3,"6":3,"7":3,"8":3,"9":1,"10":1,"11":1,"12":1,"13":0,"14":1,"15":1,"16":0,"17":1,"18":0,"19":1,"20":1,"21":0,"22":1,"23":1,"24":1,"25":1,"26":1,"27":1,"28":1,"29":1,"30":1,"31":1,"32":1,"33":1,"34":1,"35":1,"36":0,"37":2,"38":2,"39":2,"40":2,"41":1,"42":1},"f":{"0":1,"1":1,"2":1,"3":1,"4":1,"5":1,"6":1,"7":1,"8":1,"9":0,"10":2,"11":0,"12":0},"b":{"0":[3,3],"1":[3,0],"2":[1,0],"3":[0,1],"4":[0,1],"5":[0,1],"6":[0,1],"7":[1,0,0],"8":[0,1],"9":[1,0],"10":[1,1],"11":[1,0],"12":[1,0],"13":[1,0],"14":[1,0],"15":[1,0],"16":[0,0],"17":[2],"18":[0],"19":[2,2],"20":[2,2]},"_coverageSchema":"332fd63041d2c1bcb487cc26dd0d5f7d97098a6c","hash":"9707ea6533b19fdd1ec839af20c6f48ee999f00e"}
,"E:\\study\\SoftServe\\Smart-Home\\src\\components\\RangeSettings\\RangeStyle.scss": {"path":"E:\\study\\SoftServe\\Smart-Home\\src\\components\\RangeSettings\\RangeStyle.scss","statementMap":{},"fnMap":{},"branchMap":{},"s":{},"f":{},"b":{},"_coverageSchema":"332fd63041d2c1bcb487cc26dd0d5f7d97098a6c","hash":"e4441659a6bf32d199e886edc622d3218c444e2f"}
,"E:\\study\\SoftServe\\Smart-Home\\src\\components\\TimerSettings\\Timer.js": {"path":"E:\\study\\SoftServe\\Smart-Home\\src\\components\\TimerSettings\\Timer.js","statementMap":{"0":{"start":{"line":1,"column":39},"end":{"line":1,"column":101}},"1":{"start":{"line":1,"column":120},"end":{"line":1,"column":649}},"2":{"start":{"line":1,"column":175},"end":{"line":1,"column":440}},"3":{"start":{"line":1,"column":232},"end":{"line":1,"column":240}},"4":{"start":{"line":1,"column":241},"end":{"line":1,"column":296}},"5":{"start":{"line":1,"column":296},"end":{"line":1,"column":327}},"6":{"start":{"line":1,"column":327},"end":{"line":1,"column":381}},"7":{"start":{"line":1,"column":354},"end":{"line":1,"column":381}},"8":{"start":{"line":1,"column":381},"end":{"line":1,"column":439}},"9":{"start":{"line":1,"column":441},"end":{"line":1,"column":646}},"10":{"start":{"line":1,"column":497},"end":{"line":1,"column":565}},"11":{"start":{"line":1,"column":513},"end":{"line":1,"column":565}},"12":{"start":{"line":1,"column":565},"end":{"line":1,"column":625}},"13":{"start":{"line":1,"column":582},"end":{"line":1,"column":625}},"14":{"start":{"line":1,"column":625},"end":{"line":1,"column":644}},"15":{"start":{"line":4,"column":183},"end":{"line":4,"column":237}},"16":{"start":{"line":4,"column":287},"end":{"line":4,"column":386}},"17":{"start":{"line":4,"column":328},"end":{"line":4,"column":385}},"18":{"start":{"line":4,"column":436},"end":{"line":4,"column":535}},"19":{"start":{"line":4,"column":448},"end":{"line":4,"column":534}},"20":{"start":{"line":4,"column":535},"end":{"line":4,"column":621}},"21":{"start":{"line":4,"column":664},"end":{"line":4,"column":827}},"22":{"start":{"line":4,"column":726},"end":{"line":4,"column":826}},"23":{"start":{"line":4,"column":827},"end":{"line":4,"column":991}},"24":{"start":{"line":4,"column":991},"end":{"line":4,"column":1109}},"25":{"start":{"line":4,"column":1007},"end":{"line":4,"column":1109}},"26":{"start":{"line":6,"column":16},"end":{"line":110,"column":86}},"27":{"start":{"line":6,"column":45},"end":{"line":6,"column":88}},"28":{"start":{"line":7,"column":134},"end":{"line":8,"column":11}},"29":{"start":{"line":61,"column":113},"end":{"line":110,"column":10}},"30":{"start":{"line":61,"column":207},"end":{"line":61,"column":343}},"31":{"start":{"line":61,"column":263},"end":{"line":61,"column":289}},"32":{"start":{"line":61,"column":290},"end":{"line":61,"column":342}},"33":{"start":{"line":64,"column":6},"end":{"line":105,"column":45}},"34":{"start":{"line":110,"column":10},"end":{"line":110,"column":31}},"35":{"start":{"line":112,"column":0},"end":{"line":120,"column":67}}},"fnMap":{"0":{"name":"(anonymous_0)","decl":{"start":{"line":1,"column":120},"end":{"line":1,"column":121}},"loc":{"start":{"line":1,"column":132},"end":{"line":1,"column":647}},"line":1},"1":{"name":"defineProperties","decl":{"start":{"line":1,"column":142},"end":{"line":1,"column":158}},"loc":{"start":{"line":1,"column":174},"end":{"line":1,"column":441}},"line":1},"2":{"name":"(anonymous_2)","decl":{"start":{"line":1,"column":448},"end":{"line":1,"column":449}},"loc":{"start":{"line":1,"column":496},"end":{"line":1,"column":645}},"line":1},"3":{"name":"_interopRequireDefault","decl":{"start":{"line":4,"column":154},"end":{"line":4,"column":176}},"loc":{"start":{"line":4,"column":182},"end":{"line":4,"column":238}},"line":4},"4":{"name":"_classCallCheck","decl":{"start":{"line":4,"column":247},"end":{"line":4,"column":262}},"loc":{"start":{"line":4,"column":286},"end":{"line":4,"column":387}},"line":4},"5":{"name":"_possibleConstructorReturn","decl":{"start":{"line":4,"column":396},"end":{"line":4,"column":422}},"loc":{"start":{"line":4,"column":435},"end":{"line":4,"column":622}},"line":4},"6":{"name":"_inherits","decl":{"start":{"line":4,"column":631},"end":{"line":4,"column":640}},"loc":{"start":{"line":4,"column":663},"end":{"line":4,"column":1110}},"line":4},"7":{"name":"(anonymous_7)","decl":{"start":{"line":6,"column":16},"end":{"line":6,"column":17}},"loc":{"start":{"line":6,"column":44},"end":{"line":110,"column":32}},"line":6},"8":{"name":"TimerSettings","decl":{"start":{"line":7,"column":37},"end":{"line":7,"column":50}},"loc":{"start":{"line":7,"column":58},"end":{"line":61,"column":113}},"line":7},"9":{"name":"componentDidMount","decl":{"start":{"line":61,"column":186},"end":{"line":61,"column":203}},"loc":{"start":{"line":61,"column":206},"end":{"line":61,"column":344}},"line":61},"10":{"name":"render","decl":{"start":{"line":61,"column":381},"end":{"line":61,"column":387}},"loc":{"start":{"line":63,"column":4},"end":{"line":110,"column":5}},"line":63}},"branchMap":{"0":{"loc":{"start":{"line":1,"column":265},"end":{"line":1,"column":295}},"type":"binary-expr","locations":[{"start":{"line":1,"column":265},"end":{"line":1,"column":286}},{"start":{"line":1,"column":290},"end":{"line":1,"column":295}}],"line":1},"1":{"loc":{"start":{"line":1,"column":327},"end":{"line":1,"column":381}},"type":"if","locations":[{"start":{"line":1,"column":327},"end":{"line":1,"column":381}},{"start":{"line":1,"column":327},"end":{"line":1,"column":381}}],"line":1},"2":{"loc":{"start":{"line":1,"column":497},"end":{"line":1,"column":565}},"type":"if","locations":[{"start":{"line":1,"column":497},"end":{"line":1,"column":565}},{"start":{"line":1,"column":497},"end":{"line":1,"column":565}}],"line":1},"3":{"loc":{"start":{"line":1,"column":565},"end":{"line":1,"column":625}},"type":"if","locations":[{"start":{"line":1,"column":565},"end":{"line":1,"column":625}},{"start":{"line":1,"column":565},"end":{"line":1,"column":625}}],"line":1},"4":{"loc":{"start":{"line":4,"column":190},"end":{"line":4,"column":236}},"type":"cond-expr","locations":[{"start":{"line":4,"column":214},"end":{"line":4,"column":217}},{"start":{"line":4,"column":220},"end":{"line":4,"column":236}}],"line":4},"5":{"loc":{"start":{"line":4,"column":190},"end":{"line":4,"column":211}},"type":"binary-expr","locations":[{"start":{"line":4,"column":190},"end":{"line":4,"column":193}},{"start":{"line":4,"column":197},"end":{"line":4,"column":211}}],"line":4},"6":{"loc":{"start":{"line":4,"column":287},"end":{"line":4,"column":386}},"type":"if","locations":[{"start":{"line":4,"column":287},"end":{"line":4,"column":386}},{"start":{"line":4,"column":287},"end":{"line":4,"column":386}}],"line":4},"7":{"loc":{"start":{"line":4,"column":436},"end":{"line":4,"column":535}},"type":"if","locations":[{"start":{"line":4,"column":436},"end":{"line":4,"column":535}},{"start":{"line":4,"column":436},"end":{"line":4,"column":535}}],"line":4},"8":{"loc":{"start":{"line":4,"column":542},"end":{"line":4,"column":620}},"type":"cond-expr","locations":[{"start":{"line":4,"column":609},"end":{"line":4,"column":613}},{"start":{"line":4,"column":616},"end":{"line":4,"column":620}}],"line":4},"9":{"loc":{"start":{"line":4,"column":542},"end":{"line":4,"column":606}},"type":"binary-expr","locations":[{"start":{"line":4,"column":542},"end":{"line":4,"column":546}},{"start":{"line":4,"column":551},"end":{"line":4,"column":575}},{"start":{"line":4,"column":579},"end":{"line":4,"column":605}}],"line":4},"10":{"loc":{"start":{"line":4,"column":664},"end":{"line":4,"column":827}},"type":"if","locations":[{"start":{"line":4,"column":664},"end":{"line":4,"column":827}},{"start":{"line":4,"column":664},"end":{"line":4,"column":827}}],"line":4},"11":{"loc":{"start":{"line":4,"column":668},"end":{"line":4,"column":723}},"type":"binary-expr","locations":[{"start":{"line":4,"column":668},"end":{"line":4,"column":700}},{"start":{"line":4,"column":704},"end":{"line":4,"column":723}}],"line":4},"12":{"loc":{"start":{"line":4,"column":862},"end":{"line":4,"column":896}},"type":"binary-expr","locations":[{"start":{"line":4,"column":862},"end":{"line":4,"column":872}},{"start":{"line":4,"col
[...]
art":{"line":1,"column":327},"end":{"line":1,"column":381}},"type":"if","locations":[{"start":{"line":1,"column":327},"end":{"line":1,"column":381}},{"start":{"line":1,"column":327},"end":{"line":1,"column":381}}],"line":1},"2":{"loc":{"start":{"line":1,"column":497},"end":{"line":1,"column":565}},"type":"if","locations":[{"start":{"line":1,"column":497},"end":{"line":1,"column":565}},{"start":{"line":1,"column":497},"end":{"line":1,"column":565}}],"line":1},"3":{"loc":{"start":{"line":1,"column":565},"end":{"line":1,"column":625}},"type":"if","locations":[{"start":{"line":1,"column":565},"end":{"line":1,"column":625}},{"start":{"line":1,"column":565},"end":{"line":1,"column":625}}],"line":1},"4":{"loc":{"start":{"line":3,"column":224},"end":{"line":3,"column":323}},"type":"if","locations":[{"start":{"line":3,"column":224},"end":{"line":3,"column":323}},{"start":{"line":3,"column":224},"end":{"line":3,"column":323}}],"line":3},"5":{"loc":{"start":{"line":3,"column":373},"end":{"line":3,"column":472}},"type":"if","locations":[{"start":{"line":3,"column":373},"end":{"line":3,"column":472}},{"start":{"line":3,"column":373},"end":{"line":3,"column":472}}],"line":3},"6":{"loc":{"start":{"line":3,"column":479},"end":{"line":3,"column":557}},"type":"cond-expr","locations":[{"start":{"line":3,"column":546},"end":{"line":3,"column":550}},{"start":{"line":3,"column":553},"end":{"line":3,"column":557}}],"line":3},"7":{"loc":{"start":{"line":3,"column":479},"end":{"line":3,"column":543}},"type":"binary-expr","locations":[{"start":{"line":3,"column":479},"end":{"line":3,"column":483}},{"start":{"line":3,"column":488},"end":{"line":3,"column":512}},{"start":{"line":3,"column":516},"end":{"line":3,"column":542}}],"line":3},"8":{"loc":{"start":{"line":3,"column":601},"end":{"line":3,"column":764}},"type":"if","locations":[{"start":{"line":3,"column":601},"end":{"line":3,"column":764}},{"start":{"line":3,"column":601},"end":{"line":3,"column":764}}],"line":3},"9":{"loc":{"start":{"line":3,"column":605},"end":{"line":3,"column":660}},"type":"binary-expr","locations":[{"start":{"line":3,"column":605},"end":{"line":3,"column":637}},{"start":{"line":3,"column":641},"end":{"line":3,"column":660}}],"line":3},"10":{"loc":{"start":{"line":3,"column":799},"end":{"line":3,"column":833}},"type":"binary-expr","locations":[{"start":{"line":3,"column":799},"end":{"line":3,"column":809}},{"start":{"line":3,"column":813},"end":{"line":3,"column":833}}],"line":3},"11":{"loc":{"start":{"line":3,"column":928},"end":{"line":3,"column":1046}},"type":"if","locations":[{"start":{"line":3,"column":928},"end":{"line":3,"column":1046}},{"start":{"line":3,"column":928},"end":{"line":3,"column":1046}}],"line":3},"12":{"loc":{"start":{"line":3,"column":944},"end":{"line":3,"column":1045}},"type":"cond-expr","locations":[{"start":{"line":3,"column":968},"end":{"line":3,"column":1011}},{"start":{"line":3,"column":1014},"end":{"line":3,"column":1045}}],"line":3},"13":{"loc":{"start":{"line":6,"column":168},"end":{"line":6,"column":231}},"type":"binary-expr","locations":[{"start":{"line":6,"column":168},"end":{"line":6,"column":191}},{"start":{"line":6,"column":195},"end":{"line":6,"column":231}}],"line":6},"14":{"loc":{"start":{"line":33,"column":196},"end":{"line":33,"column":284}},"type":"if","locations":[{"start":{"line":33,"column":196},"end":{"line":33,"column":284}},{"start":{"line":33,"column":196},"end":{"line":33,"column":284}}],"line":33}},"s":{"0":1,"1":1,"2":1,"3":2,"4":2,"5":2,"6":2,"7":2,"8":2,"9":1,"10":1,"11":1,"12":1,"13":0,"14":1,"15":1,"16":0,"17":1,"18":0,"19":1,"20":1,"21":0,"22":1,"23":1,"24":1,"25":1,"26":1,"27":1,"28":1,"29":1,"30":1,"31":2,"32":1,"33":1},"f":{"0":1,"1":1,"2":1,"3":1,"4":1,"5":1,"6":1,"7":1,"8":1,"9":2},"b":{"0":[2,2],"1":[2,0],"2":[1,0],"3":[0,1],"4":[0,1],"5":[0,1],"6":[0,1],"7":[1,0,0],"8":[0,1],"9":[1,0],"10":[1,1],"11":[1,0],"12":[1,0],"13":[1,0],"14":[1,0]},"_coverageSchema":"332fd63041d2c1bcb487cc26dd0d5f7d97098a6c","hash":"81078cb6fa7ff2b7938cead762cbe4e4917ab23a"}
,"E:\\study\\SoftServe\\Smart-Home\\src\\components\\ValueSettings\\ValueStyle.scss": {"path":"E:\\study\\SoftServe\\Smart-Home\\src\\components\\ValueSettings\\ValueStyle.scss","statementMap":{},"fnMap":{},"branchMap":{},"s":{},"f":{},"b":{},"_coverageSchema":"332fd63041d2c1bcb487cc26dd0d5f7d97098a6c","hash":"4338866a02611bff8f861f08855dce18953813bf"}
,"E:\\study\\SoftServe\\Smart-Home\\src\\config\\config.js": {"path":"E:\\study\\SoftServe\\Smart-Home\\src\\config\\config.js","statementMap":{"0":{"start":{"line":1,"column":39},"end":{"line":1,"column":101}},"1":{"start":{"line":1,"column":140},"end":{"line":3,"column":17}}},"fnMap":{},"branchMap":{},"s":{"0":1,"1":1},"f":{},"b":{},"_coverageSchema":"332fd63041d2c1bcb487cc26dd0d5f7d97098a6c","hash":"6bb6e3021237ba93c93de97728ad278efd3289f5"}
,"E:\\study\\SoftServe\\Smart-Home\\src\\constants\\index.js": {"path":"E:\\study\\SoftServe\\Smart-Home\\src\\constants\\index.js","statementMap":{"0":{"start":{"line":1,"column":39},"end":{"line":1,"column":101}},"1":{"start":{"line":1,"column":101},"end":{"line":1,"column":2688}},"2":{"start":{"line":3,"column":53},"end":{"line":3,"column":106}},"3":{"start":{"line":4,"column":44},"end":{"line":4,"column":79}},"4":{"start":{"line":5,"column":46},"end":{"line":5,"column":85}},"5":{"start":{"line":6,"column":41},"end":{"line":6,"column":78}},"6":{"start":{"line":7,"column":44},"end":{"line":7,"column":87}},"7":{"start":{"line":8,"column":36},"end":{"line":8,"column":63}},"8":{"start":{"line":9,"column":58},"end":{"line":10,"column":35}},"9":{"start":{"line":11,"column":43},"end":{"line":11,"column":84}},"10":{"start":{"line":12,"column":45},"end":{"line":12,"column":90}},"11":{"start":{"line":13,"column":54},"end":{"line":13,"column":116}},"12":{"start":{"line":14,"column":51},"end":{"line":14,"column":106}},"13":{"start":{"line":15,"column":53},"end":{"line":15,"column":112}},"14":{"start":{"line":16,"column":51},"end":{"line":16,"column":106}},"15":{"start":{"line":17,"column":53},"end":{"line":17,"column":112}},"16":{"start":{"line":18,"column":60},"end":{"line":18,"column":133}},"17":{"start":{"line":19,"column":60},"end":{"line":19,"column":133}},"18":{"start":{"line":20,"column":60},"end":{"line":20,"column":133}},"19":{"start":{"line":21,"column":60},"end":{"line":21,"column":133}},"20":{"start":{"line":22,"column":60},"end":{"line":22,"column":133}},"21":{"start":{"line":23,"column":60},"end":{"line":23,"column":133}},"22":{"start":{"line":24,"column":60},"end":{"line":24,"column":133}},"23":{"start":{"line":25,"column":60},"end":{"line":25,"column":133}},"24":{"start":{"line":26,"column":53},"end":{"line":26,"column":112}},"25":{"start":{"line":27,"column":52},"end":{"line":27,"column":109}},"26":{"start":{"line":28,"column":53},"end":{"line":28,"column":106}},"27":{"start":{"line":29,"column":52},"end":{"line":29,"column":110}},"28":{"start":{"line":30,"column":53},"end":{"line":30,"column":114}},"29":{"start":{"line":31,"column":50},"end":{"line":31,"column":105}},"30":{"start":{"line":32,"column":49},"end":{"line":32,"column":101}},"31":{"start":{"line":33,"column":52},"end":{"line":33,"column":110}},"32":{"start":{"line":34,"column":55},"end":{"line":34,"column":120}},"33":{"start":{"line":35,"column":53},"end":{"line":35,"column":114}},"34":{"start":{"line":36,"column":45},"end":{"line":36,"column":90}},"35":{"start":{"line":37,"column":52},"end":{"line":37,"column":111}},"36":{"start":{"line":38,"column":61},"end":{"line":39,"column":38}},"37":{"start":{"line":40,"column":56},"end":{"line":40,"column":123}},"38":{"start":{"line":41,"column":48},"end":{"line":41,"column":99}},"39":{"start":{"line":42,"column":47},"end":{"line":42,"column":96}},"40":{"start":{"line":43,"column":44},"end":{"line":43,"column":86}},"41":{"start":{"line":44,"column":50},"end":{"line":44,"column":104}},"42":{"start":{"line":45,"column":46},"end":{"line":45,"column":92}},"43":{"start":{"line":46,"column":51},"end":{"line":46,"column":107}},"44":{"start":{"line":47,"column":51},"end":{"line":47,"column":108}},"45":{"start":{"line":48,"column":51},"end":{"line":48,"column":108}},"46":{"start":{"line":49,"column":44},"end":{"line":49,"column":87}},"47":{"start":{"line":50,"column":68},"end":{"line":51,"column":45}},"48":{"start":{"line":52,"column":45},"end":{"line":52,"column":89}},"49":{"start":{"line":53,"column":52},"end":{"line":53,"column":111}},"50":{"start":{"line":54,"column":52},"end":{"line":54,"column":111}},"51":{"start":{"line":55,"column":46},"end":{"line":55,"column":92}},"52":{"start":{"line":56,"column":54},"end":{"line":56,"column":116}},"53":{"start":{"line":57,"column":54},"end":{"line":57,"column":116}},"54":{"start":{"line":58,"column":60},"end":{"line":58,"column":127}},"55":{"start":{"line":59,"column":62},"end":{"line":59,"column":133}},"56":{"start":{"line":60,"column":60},"end":{"line":60,"column":127}},"57":{"start":{"line":61,"column":60},"end":{"line":61,"column":127}},"58":{"start":{"line":62,"column":50},"end":{"line":62,"column":111}},"59":{"start":{"line":63,"column":57},"end":{"line":64,"column":40}},"60":{"start":{"line":65,"column":68},"end":{"line":66,"column":51}},"61":{"start":{"line":67,"column":53},"end":{"line":67,"column":120}},"62":{"start":{"line":68,"column":53},"end":{"line":68,"column":114}},"63":{"start":{"line":69,"column":47},"end":{"line":69,"column":96}},"64":{"start":{"line":70,"column":55},"end":{"line":70,"column":119}},"65":{"start":{"line":71,"column":63},"end":{"line":72,"column":39}},"66":{"start":{"line":73,"column":46},"end":{"line":73,"column":90}},"67":{"start":{"line":74,"column":46},"end":{"line":74,"column":90}},"68":{"start":{"line":75,"column":46},"end":{"line":75,"column":90}},"69":{"start":{"line":76,"column":49},"end":{"line":76,"column":102}},"70":{"start":{"line":77,"column":51},"end":{"line":77,"column":103}},"71":{"start":{"line":78,"column":45},"end":{"line":78,"column":89}},"72":{"start":{"line":79,"column":53},"end":{"line":79,"column":111}},"73":{"start":{"line":80,"column":49},"end":{"line":80,"column":99}},"74":{"start":{"line":81,"column":49},"end":{"line":81,"column":99}},"75":{"start":{"line":82,"column":49},"end":{"line":82,"column":99}},"76":{"start":{"line":83,"column":49},"end":{"line":83,"column":99}},"77":{"start":{"line":84,"column":47},"end":{"line":84,"column":93}},"78":{"start":{"line":85,"column":47},"end":{"line":85,"column":93}},"79":{"start":{"line":86,"column":47},"end":{"line":86,"column":93}},"80":{"start":{"line":87,"column":45},"end":{"line":87,"column":85}},"81":{"start":{"line":88,"column":43},"end":{"line":88,"column":70}},"82":{"start":{"line":89,"column":43},"end":{"line":89,"column":84}},"83":{"start":{"line":90,"column":43},"end":{"line":90,"column":79}},"84":{"start":{"line":91,"column":64},"end":{"line":92,"column":33}},"85":{"start":{"line":93,"column":72},"end":{"line":94,"column":41}},"86":{"start":{"line":95,"column":63},"end":{"line":96,"column":32}},"87":{"start":{"line":97,"column":44},"end":{"line":97,"column":82}}},"fnMap":{},"branchMap":{},"s":{"0":1,"1":1,"2":1,"3":1,"4":1,"5":1,"6":1,"7":1,"8":1,"9":1,"10":1,"11":1,"12":1,"13":1,"14":1,"15":1,"16":1,"17":1,"18":1,"19":1,"20":1,"21":1,"22":1,"23":1,"24":1,"25":1,"26":1,"27":1,"28":1,"29":1,"30":1,"31":1,"32":1,"33":1,"34":1,"35":1,"36":1,"37":1,"38":1,"39":1,"40":1,"41":1,"42":1,"43":1,"44":1,"45":1,"46":1,"47":1,"48":1,"49":1,"50":1,"51":1,"52":1,"53":1,"54":1,"55":1,"56":1,"57":1,"58":1,"59":1,"60":1,"61":1,"62":1,"63":1,"64":1,"65":1,"66":1,"67":1,"68":1,"69":1,"70":1,"71":1,"72":1,"73":1,"74":1,"75":1,"76":1,"77":1,"78":1,"79":1,"80":1,"81":1,"82":1,"83":1,"84":1,"85":1,"86":1,"87":1},"f":{},"b":{},"_coverageSchema":"332fd63041d2c1bcb487cc26dd0d5f7d97098a6c","hash":"72f3c08c90a44e3b97349a6304bb51b4ac515aa1"}
,"E:\\study\\SoftServe\\Smart-Home\\src\\data\\componentsNames.js": {"path":"E:\\study\\SoftServe\\Smart-Home\\src\\data\\componentsNames.js","statementMap":{"0":{"start":{"line":1,"column":39},"end":{"line":1,"column":101}},"1":{"start":{"line":1,"column":101},"end":{"line":1,"column":140}},"2":{"start":{"line":9,"column":186},"end":{"line":9,"column":240}},"3":{"start":{"line":12,"column":51},"end":{"line":17,"column":62}}},"fnMap":{"0":{"name":"_interopRequireDefault","decl":{"start":{"line":9,"column":157},"end":{"line":9,"column":179}},"loc":{"start":{"line":9,"column":185},"end":{"line":9,"column":241}},"line":9}},"branchMap":{"0":{"loc":{"start":{"line":9,"column":193},"end":{"line":9,"column":239}},"type":"cond-expr","locations":[{"start":{"line":9,"column":217},"end":{"line":9,"column":220}},{"start":{"line":9,"column":223},"end":{"line":9,"column":239}}],"line":9},"1":{"loc":{"start":{"line":9,"column":193},"end":{"line":9,"column":214}},"type":"binary-expr","locations":[{"start":{"line":9,"column":193},"end":{"line":9,"column":196}},{"start":{"line":9,"column":200},"end":{"line":9,"column":214}}],"line":9}},"s":{"0":1,"1":1,"2":5,"3":1},"f":{"0":5},"b":{"0":[5,0],"1":[5,5]},"_coverageSchema":"332fd63041d2c1bcb487cc26dd0d5f7d97098a6c","hash":"6d1cdc7452d5326897a454561241ee9ed22d69dd"}
,"E:\\study\\SoftServe\\Smart-Home\\src\\reducers\\devicesList.reducer.js": {"path":"E:\\study\\SoftServe\\Smart-Home\\src\\reducers\\devicesList.reducer.js","statementMap":{"0":{"start":{"line":1,"column":39},"end":{"line":1,"column":101}},"1":{"start":{"line":1,"column":101},"end":{"line":1,"column":159}},"2":{"start":{"line":1,"column":174},"end":{"line":1,"column":405}},"3":{"start":{"line":1,"column":210},"end":{"line":1,"column":390}},"4":{"start":{"line":1,"column":267},"end":{"line":1,"column":279}},"5":{"start":{"line":1,"column":280},"end":{"line":1,"column":389}},"6":{"start":{"line":1,"column":305},"end":{"line":1,"column":388}},"7":{"start":{"line":1,"column":361},"end":{"line":1,"column":387}},"8":{"start":{"line":1,"column":390},"end":{"line":1,"column":404}},"9":{"start":{"line":20,"column":19},"end":{"line":27,"column":18}},"10":{"start":{"line":30,"column":44},"end":{"line":132,"column":1}},"11":{"start":{"line":31,"column":2},"end":{"line":130,"column":20}},"12":{"start":{"line":33,"column":6},"end":{"line":37,"column":46}},"13":{"start":{"line":42,"column":8},"end":{"line":45,"column":37}},"14":{"start":{"line":50,"column":8},"end":{"line":52,"column":40}},"15":{"start":{"line":57,"column":8},"end":{"line":59,"column":27}},"16":{"start":{"line":64,"column":25},"end":{"line":66,"column":10}},"17":{"start":{"line":65,"column":10},"end":{"line":65,"column":40}},"18":{"start":{"line":68,"column":8},"end":{"line":70,"column":36}},"19":{"start":{"line":75,"column":8},"end":{"line":78,"column":44}},"20":{"start":{"line":83,"column":22},"end":{"line":89,"column":10}},"21":{"start":{"line":84,"column":10},"end":{"line":88,"column":11}},"22":{"start":{"line":85,"column":12},"end":{"line":85,"column":33}},"23":{"start":{"line":87,"column":12},"end":{"line":87,"column":26}},"24":{"start":{"line":91,"column":8},"end":{"line":92,"column":63}},"25":{"start":{"line":97,"column":8},"end":{"line":101,"column":46}},"26":{"start":{"line":106,"column":23},"end":{"line":112,"column":10}},"27":{"start":{"line":107,"column":10},"end":{"line":111,"column":11}},"28":{"start":{"line":108,"column":12},"end":{"line":108,"column":45}},"29":{"start":{"line":110,"column":12},"end":{"line":110,"column":33}},"30":{"start":{"line":114,"column":8},"end":{"line":117,"column":38}},"31":{"start":{"line":121,"column":8},"end":{"line":124,"column":44}},"32":{"start":{"line":128,"column":6},"end":{"line":128,"column":83}},"33":{"start":{"line":130,"column":6},"end":{"line":130,"column":19}},"34":{"start":{"line":134,"column":48},"end":{"line":148,"column":1}},"35":{"start":{"line":135,"column":2},"end":{"line":146,"column":20}},"36":{"start":{"line":137,"column":6},"end":{"line":138,"column":45}},"37":{"start":{"line":142,"column":6},"end":{"line":143,"column":43}},"38":{"start":{"line":146,"column":6},"end":{"line":146,"column":19}}},"fnMap":{"0":{"name":"(anonymous_0)","decl":{"start":{"line":1,"column":191},"end":{"line":1,"column":192}},"loc":{"start":{"line":1,"column":209},"end":{"line":1,"column":405}},"line":1},"1":{"name":"devicesList","decl":{"start":{"line":30,"column":75},"end":{"line":30,"column":86}},"loc":{"start":{"line":30,"column":89},"end":{"line":132,"column":1}},"line":30},"2":{"name":"(anonymous_2)","decl":{"start":{"line":36,"column":38},"end":{"line":36,"column":39}},"loc":{"start":{"line":36,"column":80},"end":{"line":37,"column":40}},"line":36},"3":{"name":"(anonymous_3)","decl":{"start":{"line":64,"column":46},"end":{"line":64,"column":47}},"loc":{"start":{"line":64,"column":62},"end":{"line":66,"column":9}},"line":64},"4":{"name":"(anonymous_4)","decl":{"start":{"line":83,"column":40},"end":{"line":83,"column":41}},"loc":{"start":{"line":83,"column":65},"end":{"line":89,"column":9}},"line":83},"5":{"name":"(anonymous_5)","decl":{"start":{"line":106,"column":41},"end":{"line":106,"column":42}},"loc":{"start":{"line":106,"column":66},"end":{"line":112,"column":9}},"line":106},"6":{"name":"searchAndFilter","decl":{"start":{"line":134,"column":83},"end":{"line":134,"column":98}},"loc":{"start":{"line":134,"column":101},"end":{"line":148,"column":1}},"line":134}},"branchMap":{"0":{"loc":{"start":{"line":1,"column":174},"end":{"line":1,"column":405}},"type":"binary-expr","locations":[{"start":{"line":1,"column":174},"end":{"line":1,"column":187}},{"start":{"line":1,"column":191},"end":{"line":1,"column":405}}],"line":1},"1":{"loc":{"start":{"line":1,"column":305},"end":{"line":1,"column":388}},"type":"if","locations":[{"start":{"line":1,"column":305},"end":{"line":1,"column":388}},{"start":{"line":1,"column":305},"end":{"line":1,"column":388}}],"line":1},"2":{"loc":{"start":{"line":31,"column":2},"end":{"line":130,"column":20}},"type":"switch","locations":[{"start":{"line":32,"column":4},"end":{"line":37,"column":46}},{"start":{"line":41,"column":4},"end":{"line":47,"column":7}},{"start":{"line":49,"column":4},"end":{"line":54,"column":7}},{"start":{"line":56,"column":4},"end":{"line":61,"column":7}},{"start":{"line":63,"column":4},"end":{"line":72,"column":7}},{"start":{"line":74,"column":4},"end":{"line":80,"column":7}},{"start":{"line":82,"column":4},"end":{"line":94,"column":7}},{"start":{"line":96,"column":4},"end":{"line":103,"column":7}},{"start":{"line":105,"column":4},"end":{"line":119,"column":7}},{"start":{"line":120,"column":4},"end":{"line":126,"column":7}},{"start":{"line":127,"column":4},"end":{"line":128,"column":83}},{"start":{"line":129,"column":4},"end":{"line":130,"column":19}}],"line":31},"3":{"loc":{"start":{"line":84,"column":10},"end":{"line":88,"column":11}},"type":"if","locations":[{"start":{"line":84,"column":10},"end":{"line":88,"column":11}},{"start":{"line":84,"column":10},"end":{"line":88,"column":11}}],"line":84},"4":{"loc":{"start":{"line":107,"column":10},"end":{"line":111,"column":11}},"type":"if","locations":[{"start":{"line":107,"column":10},"end":{"line":111,"column":11}},{"start":{"line":107,"column":10},"end":{"line":111,"column":11}}],"line":107},"5":{"loc":{"start":{"line":135,"column":2},"end":{"line":146,"column":20}},"type":"switch","locations":[{"start":{"line":136,"column":4},"end":{"line":138,"column":45}},{"start":{"line":141,"column":4},"end":{"line":143,"column":43}},{"start":{"line":145,"column":4},"end":{"line":146,"column":19}}],"line":135}},"s":{"0":1,"1":1,"2":1,"3":0,"4":0,"5":0,"6":0,"7":0,"8":0,"9":1,"10":1,"11":5,"12":1,"13":1,"14":0,"15":1,"16":1,"17":2,"18":1,"19":0,"20":0,"21":0,"22":0,"23":0,"24":0,"25":0,"26":0,"27":0,"28":0,"29":0,"30":0,"31":0,"32":0,"33":1,"34":1,"35":0,"36":0,"37":0,"38":0},"f":{"0":0,"1":5,"2":2,"3":2,"4":0,"5":0,"6":0},"b":{"0":[1,0],"1":[0,0],"2":[1,1,0,1,1,0,0,0,0,0,0,1],"3":[0,0],"4":[0,0],"5":[0,0,0]},"_coverageSchema":"332fd63041d2c1bcb487cc26dd0d5f7d97098a6c","hash":"52e4cc74aa6c4342928fd2e3c30d21bb9db4c8bf"}
}
