TN:
SF:E:\study\SoftServe\Smart-Home\src\components\Chart\Chart.js
FN:1,(anonymous_0)
FN:1,defineProperties
FN:1,(anonymous_2)
FN:3,_interopRequireDefault
FN:3,_classCallCheck
FN:3,_possibleConstructorReturn
FN:3,_inherits
FN:5,(anonymous_7)
FN:6,Chart
FN:24,componentDidMount
FN:24,componentWillUnmount
FN:24,getElementWidth
FN:30,render
FN:34,ref
FNF:14
FNH:6
FNDA:1,(anonymous_0)
FNDA:1,defineProperties
FNDA:1,(anonymous_2)
FNDA:3,_interopRequireDefault
FNDA:0,_classCallCheck
FNDA:0,_possibleConstructorReturn
FNDA:1,_inherits
FNDA:1,(anonymous_7)
FNDA:0,Chart
FNDA:0,componentDidMount
FNDA:0,componentWillUnmount
FNDA:0,getElementWidth
FNDA:0,render
FNDA:0,ref
DA:1,4
DA:3,3
DA:5,1
DA:6,0
DA:24,1
DA:26,0
DA:27,0
DA:29,0
DA:32,0
DA:42,1
DA:45,1
LF:11
LH:6
BRDA:1,0,0,4
BRDA:1,0,1,4
BRDA:1,1,0,4
BRDA:1,1,1,0
BRDA:1,2,0,1
BRDA:1,2,1,0
BRDA:1,3,0,0
BRDA:1,3,1,1
BRDA:3,4,0,1
BRDA:3,4,1,2
BRDA:3,5,0,3
BRDA:3,5,1,3
BRDA:3,6,0,0
BRDA:3,6,1,0
BRDA:3,7,0,0
BRDA:3,7,1,0
BRDA:3,8,0,0
BRDA:3,8,1,0
BRDA:3,9,0,0
BRDA:3,9,1,0
BRDA:3,9,2,0
BRDA:3,10,0,0
BRDA:3,10,1,1
BRDA:3,11,0,1
BRDA:3,11,1,0
BRDA:3,12,0,1
BRDA:3,12,1,1
BRDA:3,13,0,1
BRDA:3,13,1,0
BRDA:3,14,0,1
BRDA:3,14,1,0
BRDA:6,15,0,0
BRDA:6,15,1,0
BRDA:26,16,0,0
BRDA:26,16,1,0
BRF:35
BRH:15
end_of_record
TN:
SF:E:\study\SoftServe\Smart-Home\src\components\Chart\Axis\Axis.js
FN:1,(anonymous_0)
FN:1,defineProperties
FN:1,(anonymous_2)
FN:4,_interopRequireWildcard
FN:4,_interopRequireDefault
FN:4,_classCallCheck
FN:4,_possibleConstructorReturn
FN:4,_inherits
FN:6,(anonymous_8)
FN:6,Axis
FN:6,componentDidUpdate
FN:9,componentDidMount
FN:12,renderAxis
FN:23,render
FN:29,ref
FNF:15
FNH:7
FNDA:1,(anonymous_0)
FNDA:1,defineProperties
FNDA:1,(anonymous_2)
FNDA:1,_interopRequireWildcard
FNDA:3,_interopRequireDefault
FNDA:0,_classCallCheck
FNDA:0,_possibleConstructorReturn
FNDA:1,_inherits
FNDA:1,(anonymous_8)
FNDA:0,Axis
FNDA:0,componentDidUpdate
FNDA:0,componentDidMount
FNDA:0,renderAxis
FNDA:0,render
FNDA:0,ref
DA:1,4
DA:4,3
DA:6,1
DA:8,0
DA:11,0
DA:14,0
DA:15,0
DA:18,0
DA:19,0
DA:22,0
DA:25,0
DA:27,0
DA:35,1
DA:38,1
LF:14
LH:5
BRDA:1,0,0,4
BRDA:1,0,1,4
BRDA:1,1,0,4
BRDA:1,1,1,0
BRDA:1,2,0,1
BRDA:1,2,1,0
BRDA:1,3,0,0
BRDA:1,3,1,1
BRDA:4,4,0,1
BRDA:4,4,1,0
BRDA:4,5,0,1
BRDA:4,5,1,1
BRDA:4,6,0,0
BRDA:4,6,1,0
BRDA:4,7,0,0
BRDA:4,7,1,0
BRDA:4,8,0,0
BRDA:4,8,1,3
BRDA:4,9,0,3
BRDA:4,9,1,3
BRDA:4,10,0,0
BRDA:4,10,1,0
BRDA:4,11,0,0
BRDA:4,11,1,0
BRDA:4,12,0,0
BRDA:4,12,1,0
BRDA:4,13,0,0
BRDA:4,13,1,0
BRDA:4,13,2,0
BRDA:4,14,0,0
BRDA:4,14,1,1
BRDA:4,15,0,1
BRDA:4,15,1,0
BRDA:4,16,0,1
BRDA:4,16,1,1
BRDA:4,17,0,1
BRDA:4,17,1,0
BRDA:4,18,0,1
BRDA:4,18,1,0
BRDA:6,19,0,0
BRDA:6,19,1,0
BRDA:18,20,0,0
BRDA:18,20,1,0
BRDA:32,21,0,0
BRDA:32,21,1,0
BRF:45
BRH:17
end_of_record
TN:
SF:E:\study\SoftServe\Smart-Home\src\components\Chart\Dots\Dots.js
FN:2,_interopRequireDefault
FN:4,Dots
FNF:2
FNH:1
FNDA:2,_interopRequireDefault
FNDA:0,Dots
DA:1,1
DA:2,2
DA:4,1
DA:12,1
LF:4
LH:4
BRDA:2,0,0,0
BRDA:2,0,1,2
BRDA:2,1,0,2
BRDA:2,1,1,2
BRF:4
BRH:3
end_of_record
TN:
SF:E:\study\SoftServe\Smart-Home\src\components\Chart\Grid\Grid.js
FN:1,(anonymous_0)
FN:1,defineProperties
FN:1,(anonymous_2)
FN:4,_interopRequireWildcard
FN:4,_interopRequireDefault
FN:4,_classCallCheck
FN:4,_possibleConstructorReturn
FN:4,_inherits
FN:6,(anonymous_8)
FN:6,Grid
FN:6,componentDidUpdate
FN:9,componentDidMount
FN:12,renderGrid
FN:21,render
FN:27,ref
FNF:15
FNH:7
FNDA:1,(anonymous_0)
FNDA:1,defineProperties
FNDA:1,(anonymous_2)
FNDA:1,_interopRequireWildcard
FNDA:3,_interopRequireDefault
FNDA:0,_classCallCheck
FNDA:0,_possibleConstructorReturn
FNDA:1,_inherits
FNDA:1,(anonymous_8)
FNDA:0,Grid
FNDA:0,componentDidUpdate
FNDA:0,componentDidMount
FNDA:0,renderGrid
FNDA:0,render
FNDA:0,ref
DA:1,4
DA:4,3
DA:6,1
DA:8,0
DA:11,0
DA:14,0
DA:15,0
DA:20,0
DA:23,0
DA:25,0
DA:33,1
DA:36,1
LF:12
LH:5
BRDA:1,0,0,4
BRDA:1,0,1,4
BRDA:1,1,0,4
BRDA:1,1,1,0
BRDA:1,2,0,1
BRDA:1,2,1,0
BRDA:1,3,0,0
BRDA:1,3,1,1
BRDA:4,4,0,1
BRDA:4,4,1,0
BRDA:4,5,0,1
BRDA:4,5,1,1
BRDA:4,6,0,0
BRDA:4,6,1,0
BRDA:4,7,0,0
BRDA:4,7,1,0
BRDA:4,8,0,0
BRDA:4,8,1,3
BRDA:4,9,0,3
BRDA:4,9,1,3
BRDA:4,10,0,0
BRDA:4,10,1,0
BRDA:4,11,0,0
BRDA:4,11,1,0
BRDA:4,12,0,0
BRDA:4,12,1,0
BRDA:4,13,0,0
BRDA:4,13,1,0
BRDA:4,13,2,0
BRDA:4,14,0,0
BRDA:4,14,1,1
BRDA:4,15,0,1
BRDA:4,15,1,0
BRDA:4,16,0,1
BRDA:4,16,1,1
BRDA:4,17,0,1
BRDA:4,17,1,0
BRDA:4,18,0,1
BRDA:4,18,1,0
BRDA:6,19,0,0
BRDA:6,19,1,0
BRDA:30,20,0,0
BRDA:30,20,1,0
BRF:43
BRH:17
end_of_record
TN:
SF:E:\study\SoftServe\Smart-Home\src\components\Chart\LineChart\LineChart.js
FN:1,(anonymous_0)
FN:1,defineProperties
FN:1,(anonymous_2)
FN:7,_interopRequireWildcard
FN:7,_interopRequireDefault
FN:7,_classCallCheck
FN:7,_possibleConstructorReturn
FN:7,_inherits
FN:9,(anonymous_8)
FN:10,LineChart
FN:12,render
FN:20,(anonymous_11)
FN:24,(anonymous_12)
FN:30,(anonymous_13)
FN:31,(anonymous_14)
FNF:15
FNH:7
FNDA:1,(anonymous_0)
FNDA:1,defineProperties
FNDA:1,(anonymous_2)
FNDA:1,_interopRequireWildcard
FNDA:4,_interopRequireDefault
FNDA:0,_classCallCheck
FNDA:0,_possibleConstructorReturn
FNDA:1,_inherits
FNDA:1,(anonymous_8)
FNDA:0,LineChart
FNDA:0,render
FNDA:0,(anonymous_11)
FNDA:0,(anonymous_12)
FNDA:0,(anonymous_13)
FNDA:0,(anonymous_14)
DA:1,1
DA:7,4
DA:9,1
DA:10,0
DA:12,1
DA:15,0
DA:16,0
DA:17,0
DA:18,0
DA:20,0
DA:21,0
DA:23,0
DA:26,0
DA:29,0
DA:33,0
DA:35,0
DA:81,1
DA:84,1
DA:93,1
LF:19
LH:7
BRDA:1,0,0,1
BRDA:1,0,1,1
BRDA:1,1,0,1
BRDA:1,1,1,0
BRDA:1,2,0,1
BRDA:1,2,1,0
BRDA:1,3,0,0
BRDA:1,3,1,1
BRDA:7,4,0,1
BRDA:7,4,1,0
BRDA:7,5,0,1
BRDA:7,5,1,1
BRDA:7,6,0,0
BRDA:7,6,1,0
BRDA:7,7,0,0
BRDA:7,7,1,0
BRDA:7,8,0,2
BRDA:7,8,1,2
BRDA:7,9,0,4
BRDA:7,9,1,4
BRDA:7,10,0,0
BRDA:7,10,1,0
BRDA:7,11,0,0
BRDA:7,11,1,0
BRDA:7,12,0,0
BRDA:7,12,1,0
BRDA:7,13,0,0
BRDA:7,13,1,0
BRDA:7,13,2,0
BRDA:7,14,0,0
BRDA:7,14,1,1
BRDA:7,15,0,1
BRDA:7,15,1,0
BRDA:7,16,0,1
BRDA:7,16,1,1
BRDA:7,17,0,1
BRDA:7,17,1,0
BRDA:7,18,0,1
BRDA:7,18,1,0
BRDA:10,19,0,0
BRDA:10,19,1,0
BRF:41
BRH:18
end_of_record
TN:
SF:E:\study\SoftServe\Smart-Home\src\components\Chart\LineChart\index.scss
FNF:0
FNH:0
LF:0
LH:0
BRF:0
BRH:0
end_of_record
TN:
SF:E:\study\SoftServe\Smart-Home\src\components\Device\Device.js
FN:8,Device
FN:40,(anonymous_1)
FNF:2
FNH:2
FNDA:1,Device
FNDA:3,(anonymous_1)
DA:1,1
DA:8,1
DA:9,1
DA:11,1
DA:41,3
DA:42,3
DA:44,3
DA:45,1
DA:46,1
DA:49,3
DA:77,1
LF:11
LH:11
BRDA:44,0,0,1
BRDA:44,0,1,2
BRDA:55,1,0,3
BRDA:55,1,1,0
BRF:4
BRH:3
end_of_record
TN:
SF:E:\study\SoftServe\Smart-Home\src\components\Device\Device.scss
FNF:0
FNH:0
LF:0
LH:0
BRF:0
BRH:0
end_of_record
TN:
SF:E:\study\SoftServe\Smart-Home\src\components\DeviceListItem\DeviceListItem.js
FN:1,(anonymous_0)
FN:1,defineProperties
FN:1,(anonymous_2)
FN:5,_classCallCheck
FN:5,_possibleConstructorReturn
FN:5,_inherits
FN:7,(anonymous_6)
FN:8,DeviceListItem
FN:14,render
FNF:9
FNH:9
FNDA:1,(anonymous_0)
FNDA:1,defineProperties
FNDA:1,(anonymous_2)
FNDA:1,_classCallCheck
FNDA:1,_possibleConstructorReturn
FNDA:1,_inherits
FNDA:1,(anonymous_6)
FNDA:1,DeviceListItem
FNDA:1,render
DA:1,1
DA:5,1
DA:7,1
DA:8,1
DA:14,1
DA:17,1
DA:45,1
DA:48,1
LF:8
LH:8
BRDA:1,0,0,1
BRDA:1,0,1,1
BRDA:1,1,0,1
BRDA:1,1,1,0
BRDA:1,2,0,1
BRDA:1,2,1,0
BRDA:1,3,0,0
BRDA:1,3,1,1
BRDA:5,4,0,0
BRDA:5,4,1,1
BRDA:5,5,0,0
BRDA:5,5,1,1
BRDA:5,6,0,0
BRDA:5,6,1,1
BRDA:5,7,0,1
BRDA:5,7,1,0
BRDA:5,7,2,0
BRDA:5,8,0,0
BRDA:5,8,1,1
BRDA:5,9,0,1
BRDA:5,9,1,0
BRDA:5,10,0,1
BRDA:5,10,1,1
BRDA:5,11,0,1
BRDA:5,11,1,0
BRDA:5,12,0,1
BRDA:5,12,1,0
BRDA:8,13,0,1
BRDA:8,13,1,0
BRF:29
BRH:16
end_of_record
TN:
SF:E:\study\SoftServe\Smart-Home\src\components\DeviceListItem\DeviceListItem.scss
FNF:0
FNH:0
LF:0
LH:0
BRF:0
BRH:0
end_of_record
TN:
SF:E:\study\SoftServe\Smart-Home\src\components\RangeSettings\Range.js
FN:1,(anonymous_0)
FN:1,defineProperties
FN:1,(anonymous_2)
FN:3,_classCallCheck
FN:3,_possibleConstructorReturn
FN:3,_inherits
FN:6,(anonymous_6)
FN:7,RangeSettings
FN:111,componentDidMount
FN:111,componentWillReceiveProps
FN:111,render
FN:130,ref
FN:140,ref
FNF:13
FNH:10
FNDA:1,(anonymous_0)
FNDA:1,defineProperties
FNDA:1,(anonymous_2)
FNDA:1,_classCallCheck
FNDA:1,_possibleConstructorReturn
FNDA:1,_inherits
FNDA:1,(anonymous_6)
FNDA:1,RangeSettings
FNDA:1,componentDidMount
FNDA:0,componentWillReceiveProps
FNDA:2,render
FNDA:0,ref
FNDA:0,ref
DA:1,3
DA:3,1
DA:6,1
DA:7,1
DA:111,1
DA:114,2
DA:116,2
DA:165,1
DA:168,1
LF:9
LH:9
BRDA:1,0,0,3
BRDA:1,0,1,3
BRDA:1,1,0,3
BRDA:1,1,1,0
BRDA:1,2,0,1
BRDA:1,2,1,0
BRDA:1,3,0,0
BRDA:1,3,1,1
BRDA:3,4,0,0
BRDA:3,4,1,1
BRDA:3,5,0,0
BRDA:3,5,1,1
BRDA:3,6,0,0
BRDA:3,6,1,1
BRDA:3,7,0,1
BRDA:3,7,1,0
BRDA:3,7,2,0
BRDA:3,8,0,0
BRDA:3,8,1,1
BRDA:3,9,0,1
BRDA:3,9,1,0
BRDA:3,10,0,1
BRDA:3,10,1,1
BRDA:3,11,0,1
BRDA:3,11,1,0
BRDA:3,12,0,1
BRDA:3,12,1,0
BRDA:7,13,0,1
BRDA:7,13,1,0
BRDA:111,14,0,1
BRDA:111,14,1,0
BRDA:111,15,0,1
BRDA:111,15,1,0
BRDA:111,16,0,0
BRDA:111,16,1,0
BRDA:118,17,0,2
BRDA:152,18,0,0
BRDA:158,19,0,2
BRDA:158,19,1,2
BRDA:159,20,0,2
BRDA:159,20,1,2
BRF:41
BRH:23
end_of_record
TN:
SF:E:\study\SoftServe\Smart-Home\src\components\RangeSettings\RangeStyle.scss
FNF:0
FNH:0
LF:0
LH:0
BRF:0
BRH:0
end_of_record
TN:
SF:E:\study\SoftServe\Smart-Home\src\components\TimerSettings\Timer.js
FN:1,(anonymous_0)
FN:1,defineProperties
FN:1,(anonymous_2)
FN:4,_interopRequireDefault
FN:4,_classCallCheck
FN:4,_possibleConstructorReturn
FN:4,_inherits
FN:6,(anonymous_7)
FN:7,TimerSettings
FN:61,componentDidMount
FN:61,render
FNF:11
FNH:6
FNDA:1,(anonymous_0)
FNDA:1,defineProperties
FNDA:1,(anonymous_2)
FNDA:3,_interopRequireDefault
FNDA:0,_classCallCheck
FNDA:0,_possibleConstructorReturn
FNDA:1,_inherits
FNDA:1,(anonymous_7)
FNDA:0,TimerSettings
FNDA:0,componentDidMount
FNDA:0,render
DA:1,2
DA:4,3
DA:6,1
DA:7,0
DA:61,1
DA:64,0
DA:110,1
DA:112,1
LF:8
LH:6
BRDA:1,0,0,2
BRDA:1,0,1,2
BRDA:1,1,0,2
BRDA:1,1,1,0
BRDA:1,2,0,1
BRDA:1,2,1,0
BRDA:1,3,0,0
BRDA:1,3,1,1
BRDA:4,4,0,1
BRDA:4,4,1,2
BRDA:4,5,0,3
BRDA:4,5,1,3
BRDA:4,6,0,0
BRDA:4,6,1,0
BRDA:4,7,0,0
BRDA:4,7,1,0
BRDA:4,8,0,0
BRDA:4,8,1,0
BRDA:4,9,0,0
BRDA:4,9,1,0
BRDA:4,9,2,0
BRDA:4,10,0,0
BRDA:4,10,1,1
BRDA:4,11,0,1
BRDA:4,11,1,0
BRDA:4,12,0,1
BRDA:4,12,1,1
BRDA:4,13,0,1
BRDA:4,13,1,0
BRDA:4,14,0,1
BRDA:4,14,1,0
BRDA:7,15,0,0
BRDA:7,15,1,0
BRDA:61,16,0,0
BRDA:61,16,1,0
BRF:35
BRH:15
end_of_record
TN:
SF:E:\study\SoftServe\Smart-Home\src\components\TimerSettings\TimerStyle.scss
FNF:0
FNH:0
LF:0
LH:0
BRF:0
BRH:0
end_of_record
TN:
SF:E:\study\SoftServe\Smart-Home\src\components\ToggleSettings\ToggleSettings.js
FN:1,(anonymous_0)
FN:1,defineProperties
FN:1,(anonymous_2)
FN:3,_classCallCheck
FN:3,_possibleConstructorReturn
FN:3,_inherits
FN:5,(anonymous_6)
FN:7,ToggleSettings
FN:15,render
FNF:9
FNH:9
FNDA:1,(anonymous_0)
FNDA:1,defineProperties
FNDA:1,(anonymous_2)
FNDA:3,_classCallCheck
FNDA:3,_possibleConstructorReturn
FNDA:1,_inherits
FNDA:1,(anonymous_6)
FNDA:3,ToggleSettings
FNDA:3,render
DA:1,1
DA:3,3
DA:5,1
DA:7,3
DA:15,1
DA:18,3
DA:30,1
DA:33,1
DA:42,1
LF:9
LH:9
BRDA:1,0,0,1
BRDA:1,0,1,1
BRDA:1,1,0,1
BRDA:1,1,1,0
BRDA:1,2,0,1
BRDA:1,2,1,0
BRDA:1,3,0,0
BRDA:1,3,1,1
BRDA:3,4,0,0
BRDA:3,4,1,3
BRDA:3,5,0,0
BRDA:3,5,1,3
BRDA:3,6,0,0
BRDA:3,6,1,3
BRDA:3,7,0,3
BRDA:3,7,1,0
BRDA:3,7,2,0
BRDA:3,8,0,0
BRDA:3,8,1,1
BRDA:3,9,0,1
BRDA:3,9,1,0
BRDA:3,10,0,1
BRDA:3,10,1,1
BRDA:3,11,0,1
BRDA:3,11,1,0
BRDA:3,12,0,1
BRDA:3,12,1,0
BRDA:7,13,0,3
BRDA:7,13,1,0
BRF:29
BRH:16
end_of_record
TN:
SF:E:\study\SoftServe\Smart-Home\src\components\ToggleSettings\ToggleStyle.scss
FNF:0
FNH:0
LF:0
LH:0
BRF:0
BRH:0
end_of_record
TN:
SF:E:\study\SoftServe\Smart-Home\src\components\ValueSettings\Value.js
FN:1,(anonymous_0)
FN:1,defineProperties
FN:1,(anonymous_2)
FN:3,_classCallCheck
FN:3,_possibleConstructorReturn
FN:3,_inherits
FN:5,(anonymous_6)
FN:6,ValueSettings
FN:33,componentDidMount
FN:33,render
FNF:10
FNH:10
FNDA:1,(anonymous_0)
FNDA:1,defineProperties
FNDA:1,(anonymous_2)
FNDA:1,_classCallCheck
FNDA:1,_possibleConstructorReturn
FNDA:1,_inherits
FNDA:1,(anonymous_6)
FNDA:1,ValueSettings
FNDA:1,componentDidMount
FNDA:2,render
DA:1,2
DA:3,1
DA:5,1
DA:6,1
DA:33,1
DA:36,2
DA:48,1
DA:51,1
LF:8
LH:8
BRDA:1,0,0,2
BRDA:1,0,1,2
BRDA:1,1,0,2
BRDA:1,1,1,0
BRDA:1,2,0,1
BRDA:1,2,1,0
BRDA:1,3,0,0
BRDA:1,3,1,1
BRDA:3,4,0,0
BRDA:3,4,1,1
BRDA:3,5,0,0
BRDA:3,5,1,1
BRDA:3,6,0,0
BRDA:3,6,1,1
BRDA:3,7,0,1
BRDA:3,7,1,0
BRDA:3,7,2,0
BRDA:3,8,0,0
BRDA:3,8,1,1
BRDA:3,9,0,1
BRDA:3,9,1,0
BRDA:3,10,0,1
BRDA:3,10,1,1
BRDA:3,11,0,1
BRDA:3,11,1,0
BRDA:3,12,0,1
BRDA:3,12,1,0
BRDA:6,13,0,1
BRDA:6,13,1,0
BRDA:33,14,0,1
BRDA:33,14,1,0
BRF:31
BRH:17
end_of_record
TN:
SF:E:\study\SoftServe\Smart-Home\src\components\ValueSettings\ValueStyle.scss
FNF:0
FNH:0
LF:0
LH:0
BRF:0
BRH:0
end_of_record
TN:
SF:E:\study\SoftServe\Smart-Home\src\config\config.js
FNF:0
FNH:0
DA:1,1
LF:1
LH:1
BRF:0
BRH:0
end_of_record
TN:
SF:E:\study\SoftServe\Smart-Home\src\constants\index.js
FNF:0
FNH:0
DA:1,1
DA:3,1
DA:4,1
DA:5,1
DA:6,1
DA:7,1
DA:8,1
DA:9,1
DA:11,1
DA:12,1
DA:13,1
DA:14,1
DA:15,1
DA:16,1
DA:17,1
DA:18,1
DA:19,1
DA:20,1
DA:21,1
DA:22,1
DA:23,1
DA:24,1
DA:25,1
DA:26,1
DA:27,1
DA:28,1
DA:29,1
DA:30,1
DA:31,1
DA:32,1
DA:33,1
DA:34,1
DA:35,1
DA:36,1
DA:37,1
DA:38,1
DA:40,1
DA:41,1
DA:42,1
DA:43,1
DA:44,1
DA:45,1
DA:46,1
DA:47,1
DA:48,1
DA:49,1
DA:50,1
DA:52,1
DA:53,1
DA:54,1
DA:55,1
DA:56,1
DA:57,1
DA:58,1
DA:59,1
DA:60,1
DA:61,1
DA:62,1
DA:63,1
DA:65,1
DA:67,1
DA:68,1
DA:69,1
DA:70,1
DA:71,1
DA:73,1
DA:74,1
DA:75,1
DA:76,1
DA:77,1
DA:78,1
DA:79,1
DA:80,1
DA:81,1
DA:82,1
DA:83,1
DA:84,1
DA:85,1
DA:86,1
DA:87,1
DA:88,1
DA:89,1
DA:90,1
DA:91,1
DA:93,1
DA:95,1
DA:97,1
LF:87
LH:87
BRF:0
BRH:0
end_of_record
TN:
SF:E:\study\SoftServe\Smart-Home\src\data\componentsNames.js
FN:9,_interopRequireDefault
FNF:1
FNH:1
FNDA:5,_interopRequireDefault
DA:1,1
DA:9,5
DA:12,1
LF:3
LH:3
BRDA:9,0,0,5
BRDA:9,0,1,0
BRDA:9,1,0,5
BRDA:9,1,1,5
BRF:4
BRH:3
end_of_record
TN:
SF:E:\study\SoftServe\Smart-Home\src\reducers\devicesList.reducer.js
FN:1,(anonymous_0)
FN:30,devicesList
FN:36,(anonymous_2)
FN:64,(anonymous_3)
FN:83,(anonymous_4)
FN:106,(anonymous_5)
FN:134,searchAndFilter
FNF:7
FNH:3
FNDA:0,(anonymous_0)
FNDA:5,devicesList
FNDA:2,(anonymous_2)
FNDA:2,(anonymous_3)
FNDA:0,(anonymous_4)
FNDA:0,(anonymous_5)
FNDA:0,searchAndFilter
DA:1,1
DA:20,1
DA:30,1
DA:31,5
DA:33,1
DA:42,1
DA:50,0
DA:57,1
DA:64,1
DA:65,2
DA:68,1
DA:75,0
DA:83,0
DA:84,0
DA:85,0
DA:87,0
DA:91,0
DA:97,0
DA:106,0
DA:107,0
DA:108,0
DA:110,0
DA:114,0
DA:121,0
DA:128,0
DA:130,1
DA:134,1
DA:135,0
DA:137,0
DA:142,0
DA:146,0
LF:31
LH:12
BRDA:1,0,0,1
BRDA:1,0,1,0
BRDA:1,1,0,0
BRDA:1,1,1,0
BRDA:31,2,0,1
BRDA:31,2,1,1
BRDA:31,2,2,0
BRDA:31,2,3,1
BRDA:31,2,4,1
BRDA:31,2,5,0
BRDA:31,2,6,0
BRDA:31,2,7,0
BRDA:31,2,8,0
BRDA:31,2,9,0
BRDA:31,2,10,0
BRDA:31,2,11,1
BRDA:84,3,0,0
BRDA:84,3,1,0
BRDA:107,4,0,0
BRDA:107,4,1,0
BRDA:135,5,0,0
BRDA:135,5,1,0
BRDA:135,5,2,0
BRF:23
BRH:6
end_of_record
